[2016.08.10-21.05.11:236][  0]Log file open, 08/10/16 23:05:11
[2016.08.10-21.05.11:236][  0]LogInit:Display: Running engine for game: GraveYard2D
[2016.08.10-21.05.11:236][  0]LogInit:Display: RandInit(1673391464) SRandInit(1673391465).
[2016.08.10-21.05.11:236][  0]LogTaskGraph: Started task graph with 4 named threads and 7 total threads.
[2016.08.10-21.05.11:236][  0]LogStats: Stats thread started
[2016.08.10-21.05.11:236][  0]LogInit: Version: 4.8.3-2634408+++depot+UE4-Releases+4.8
[2016.08.10-21.05.11:236][  0]LogInit: API Version: 2579680
[2016.08.10-21.05.11:236][  0]LogInit: Compiled (64-bit): Jul 27 2015 16:24:33
[2016.08.10-21.05.11:236][  0]LogInit: Compiled with Visual C++: 18.00.21005.01
[2016.08.10-21.05.11:236][  0]LogInit: Build Configuration: Development
[2016.08.10-21.05.11:236][  0]LogInit: Branch Name: ++depot+UE4-Releases+4.8
[2016.08.10-21.05.11:236][  0]LogInit: Command line:  
[2016.08.10-21.05.11:236][  0]LogInit: Base directory: C:/Program Files/Epic Games/4.8/Engine/Binaries/Win64/
[2016.08.10-21.05.11:236][  0]LogInit: Rocket: 1
[2016.08.10-21.05.11:249][  0]LogInit: Using libcurl 7.41.0
[2016.08.10-21.05.11:249][  0]LogInit:  - built for x86_64-pc-win32
[2016.08.10-21.05.11:249][  0]LogInit:  - supports SSL with WinSSL
[2016.08.10-21.05.11:249][  0]LogInit:  - other features:
[2016.08.10-21.05.11:249][  0]LogInit:      CURL_VERSION_SSL
[2016.08.10-21.05.11:249][  0]LogInit:      CURL_VERSION_IPV6
[2016.08.10-21.05.11:249][  0]LogInit:      CURL_VERSION_ASYNCHDNS
[2016.08.10-21.05.11:249][  0]LogInit:      CURL_VERSION_LARGEFILE
[2016.08.10-21.05.11:249][  0]LogInit:      CURL_VERSION_IDN
[2016.08.10-21.05.11:249][  0]LogInit:  CurlRequestOptions (configurable via config and command line):
[2016.08.10-21.05.11:249][  0]LogInit:  - bVerifyPeer = true  - Libcurl will verify peer certificate
[2016.08.10-21.05.11:249][  0]LogInit:  - bUseHttpProxy = false  - Libcurl will NOT use HTTP proxy
[2016.08.10-21.05.11:249][  0]LogInit:  - bDontReuseConnections = false  - Libcurl will reuse connections
[2016.08.10-21.05.11:249][  0]LogInit:  - CertBundlePath = nullptr  - Libcurl will use whatever was configured at build time.
[2016.08.10-21.05.11:262][  0]LogOnline:Warning: No default platform service specified for OnlineSubsystem
[2016.08.10-21.05.11:275][  0]LogInit: Presizing for 0 objects not considered by GC, pre-allocating 0 bytes.
[2016.08.10-21.05.11:282][  0]LogInit: Object subsystem initialized
[2016.08.10-21.05.11:282][  0]LogConsoleResponse:Warning: Skipping Unknown console variable: 'TranslucentSortAxis = (X=0.000000,Y=-1.000000,Z=0.000000)'
[2016.08.10-21.05.11:282][  0]LogConsoleResponse:Warning:   Found in ini file 'C:/Users/Robin/Documents/Unreal Projects/GraveYard2D/Saved/Config/Windows/Engine.ini', in section '[/Script/Engine.RendererSettings]'
[2016.08.10-21.05.11:282][  0]LogConsoleResponse:Warning: Skipping Unknown console variable: 'UIScaleRule = ShortestSide'
[2016.08.10-21.05.11:282][  0]LogConsoleResponse:Warning:   Found in ini file 'C:/Users/Robin/Documents/Unreal Projects/GraveYard2D/Saved/Config/Windows/Engine.ini', in section '[/Script/Engine.RendererSettings]'
[2016.08.10-21.05.11:282][  0]LogConsoleResponse:Warning: Skipping Unknown console variable: 'UIScaleCurve = (EditorCurveData=(Keys=),ExternalCurve=None)'
[2016.08.10-21.05.11:283][  0]LogConsoleResponse:Warning:   Found in ini file 'C:/Users/Robin/Documents/Unreal Projects/GraveYard2D/Saved/Config/Windows/Engine.ini', in section '[/Script/Engine.RendererSettings]'
[2016.08.10-21.05.11:283][  0]LogInit: Selected Device Profile: [Windows]
[2016.08.10-21.05.11:283][  0]LogInit: Applying CVar settings loaded from the selected device profile: [Windows]
[2016.08.10-21.05.11:291][  0]LogInit: Computer: ROBINPC
[2016.08.10-21.05.11:291][  0]LogInit: User: Robin
[2016.08.10-21.05.11:291][  0]LogInit: CPU Page size=4096, Cores=4
[2016.08.10-21.05.11:291][  0]LogInit: High frequency timer resolution =3.020349 MHz
[2016.08.10-21.05.11:291][  0]LogMemory: Memory total: Physical=7.9GB (8GB approx)
[2016.08.10-21.05.11:291][  0]LogMemory: Platform Memory Stats for Windows
[2016.08.10-21.05.11:291][  0]LogMemory: Process Physical Memory: 49.87 MB used, 49.87 MB peak
[2016.08.10-21.05.11:291][  0]LogMemory: Process Virtual Memory: 21.47 MB used, 22.34 MB peak
[2016.08.10-21.05.11:291][  0]LogMemory: Physical Memory: 4747.43 MB used, 8130.81 MB total
[2016.08.10-21.05.11:291][  0]LogMemory: Virtual Memory: 312.74 MB used, 134217728.00 MB total
[2016.08.10-21.05.11:323][  0]LogTextLocalizationManager: The requested culture ('nb_NO') has no localization data; falling back to 'en' for localization and internationalization data.
[2016.08.10-21.05.11:541][  0]LogTextLocalizationManager:Warning: Loaded localization resources contain conflicting entries for (Namespace:ContentBrowser, Key:ImportAssetToolTip):
Localization Resource: (C:/Program Files/Epic Games/4.8/Engine/Content/Localization/Editor/en/Editor.locres) Source String Hash: (-630476809) Localized String: (Import to {0}...)
Localization Resource: (C:/Program Files/Epic Games/4.8/Engine/Content/Localization/Editor/en/Editor.locres) Source String Hash: (1271782899) Localized String: (Imports an asset from file to this folder.)
[2016.08.10-21.05.11:956][  0]LogD3D11RHI: Found D3D11 adapter 0: NVIDIA GeForce GTX 750 Ti (Feature Level 11_0)
[2016.08.10-21.05.11:956][  0]LogD3D11RHI: Adapter has 1992MB of dedicated video memory, 0MB of dedicated system memory, and 4065MB of shared system memory, 1 output[s]
[2016.08.10-21.05.11:957][  0]LogD3D11RHI: Found D3D11 adapter 1: Microsoft Basic Render Driver (Feature Level 11_0)
[2016.08.10-21.05.11:958][  0]LogD3D11RHI: Adapter has 0MB of dedicated video memory, 0MB of dedicated system memory, and 4065MB of shared system memory, 0 output[s]
[2016.08.10-21.05.11:958][  0]LogD3D11RHI: Chosen D3D11 Adapter Id = 0
[2016.08.10-21.05.11:962][  0]LogD3D11RHI: InitD3DDevice
[2016.08.10-21.05.11:962][  0]LogD3D11RHI: !Direct3DDevice
[2016.08.10-21.05.11:962][  0]LogRHI: Texture pool is 1361 MB (70% of 1945 MB)
[2016.08.10-21.05.11:971][  0]LogD3D11RHI: Async texture creation enabled
[2016.08.10-21.05.11:981][  0]LogShaderCompilers:Display: Using Local Shader Compiler.
[2016.08.10-21.05.12:693][  0]LogTemp:Display: Loaded TP DesktopTargetPlatform
[2016.08.10-21.05.12:707][  0]LogTemp:Display: Loaded TP WindowsClientTargetPlatform
[2016.08.10-21.05.12:721][  0]LogTemp:Display: Loaded TP WindowsNoEditorTargetPlatform
[2016.08.10-21.05.12:735][  0]LogTemp:Display: Loaded TP WindowsServerTargetPlatform
[2016.08.10-21.05.12:750][  0]LogTemp:Display: Loaded TP WindowsTargetPlatform
[2016.08.10-21.05.12:763][  0]LogTemp:Display: Loaded TP AndroidTargetPlatform
[2016.08.10-21.05.12:775][  0]LogTemp:Display: Loaded TP Android_ASTCTargetPlatform
[2016.08.10-21.05.12:787][  0]LogTemp:Display: Loaded TP Android_ATCTargetPlatform
[2016.08.10-21.05.12:799][  0]LogTemp:Display: Loaded TP Android_DXTTargetPlatform
[2016.08.10-21.05.12:811][  0]LogTemp:Display: Loaded TP Android_ETC1TargetPlatform
[2016.08.10-21.05.12:823][  0]LogTemp:Display: Loaded TP Android_ETC2TargetPlatform
[2016.08.10-21.05.12:835][  0]LogTemp:Display: Loaded TP Android_PVRTCTargetPlatform
[2016.08.10-21.05.12:882][  0]LogTemp:Display: Loaded TP IOSTargetPlatform
[2016.08.10-21.05.12:893][  0]LogTemp:Display: Loaded TP LinuxNoEditorTargetPlatform
[2016.08.10-21.05.12:905][  0]LogTemp:Display: Loaded TP LinuxServerTargetPlatform
[2016.08.10-21.05.12:919][  0]LogTemp:Display: Loaded TP LinuxTargetPlatform
[2016.08.10-21.05.12:919][  0]LogTargetPlatformManager:Display: Building Assets For Windows
[2016.08.10-21.05.13:118][  0]LogDerivedDataCache:Display: Max Cache Size: 512 MB
[2016.08.10-21.05.13:165][  0]LogDerivedDataCache: Loaded boot cache 0.05s 53MB C:/Users/Robin/AppData/Local/UnrealEngine/4.8/DerivedDataCache/Boot.ddc.
[2016.08.10-21.05.13:165][  0]LogDerivedDataCache:Display: Loaded Boot cache: C:/Users/Robin/AppData/Local/UnrealEngine/4.8/DerivedDataCache/Boot.ddc
[2016.08.10-21.05.13:165][  0]LogDerivedDataCache: FDerivedDataBackendGraph:  Pak pak cache file ../../../../../../Users/Robin/Documents/Unreal Projects/GraveYard2D/DerivedDataCache/DDC.ddp not found, will not use a pak cache.
[2016.08.10-21.05.13:165][  0]LogDerivedDataCache: Unable to find inner node Pak for hierarchical cache Hierarchy.
[2016.08.10-21.05.13:166][  0]LogDerivedDataCache: FDerivedDataBackendGraph:  CompressedPak pak cache file ../../../../../../Users/Robin/Documents/Unreal Projects/GraveYard2D/DerivedDataCache/Compressed.ddp not found, will not use a pak cache.
[2016.08.10-21.05.13:166][  0]LogDerivedDataCache: Unable to find inner node CompressedPak for hierarchical cache Hierarchy.
[2016.08.10-21.05.13:311][  0]LogDerivedDataCache:Display: Pak cache opened for reading ../../../Engine/DerivedDataCache/Compressed.ddp.
[2016.08.10-21.05.13:323][  0]LogDerivedDataCache: Using Local data cache path C:/Users/Robin/AppData/Local/UnrealEngine/Common/DerivedDataCache: Writable
[2016.08.10-21.05.13:519][  0]LogInit: Selected Device Profile: [Windows]
[2016.08.10-21.05.13:593][  0]ImportText (ComponentSweepMultiTests): Missing closing parenthesis: (RootShapeAsset="/Engine/BasicShapes/Cube.Cube",ShapeType="TriggerCapsule",HitResult=(Time=0.50,Location=(X=-100.000015,Y=0.0,Z=100.000015),ImpactPoint=(X=-50.0,Y=0.0,Z=50.0),Normal=(X=-1.0,Y=-0.0,Z=0.0),ImpactNormal=(X=0.0,Y=0.0,Z=1.0),TraceStart=(X=-200.0,Y=0.0,Z=200.0),TraceEnd=(X=0.0,Y=0.0,Z=0.0))
[2016.08.10-21.05.13:594][  0]ImportText (LineTraceSingleByChannelTests): Missing closing parenthesis: (RootShapeAsset="/Engine/BasicShapes/Cube.Cube",HitResult=(Time=0.50,Location=(X=-100.000015,Y=0.0,Z=100.000015),ImpactPoint=(X=-50.0,Y=0.0,Z=50.0),Normal=(X=-1.0,Y=-0.0,Z=0.0),ImpactNormal=(X=0.0,Y=0.0,Z=1.0),TraceStart=(X=-200.0,Y=0.0,Z=200.0),TraceEnd=(X=0.0,Y=0.0,Z=0.0))
[2016.08.10-21.05.13:621][  0]LogMeshUtilities: No automatic mesh reduction module available
[2016.08.10-21.05.13:621][  0]LogMeshUtilities: No automatic mesh merging module available
[2016.08.10-21.05.13:897][  0]LogInit: WinSock: version 1.1 (2.2), MaxSocks=32767, MaxUdp=65467
[2016.08.10-21.05.14:757][  0]UdpMessaging: Initializing bridge on interface 0.0.0.0:0 to multicast group 230.0.0.1:6666.
[2016.08.10-21.05.15:065][  0]SourceControl: Info Source control is disabled
[2016.08.10-21.05.15:066][  0]SourceControl: Info Source control is disabled
[2016.08.10-21.05.15:075][  0]SourceControl: Info Source control is disabled
[2016.08.10-21.05.15:085][  0]SourceControl: Info Source control is disabled
[2016.08.10-21.05.15:288][  0]LogObj: 26273 objects as part of root set at end of initial load.
[2016.08.10-21.05.15:288][  0]LogUObjectAllocator: 5409248 out of 0 bytes used by permanent object pool.
[2016.08.10-21.05.15:355][  0]LogEngine: Initializing Engine...
[2016.08.10-21.05.15:357][  0]LogHMD: Can't find Oculus library dev build: is proper Runtime installed? Version: 0.6.0.0
[2016.08.10-21.05.15:358][  0]LogHMD:Warning: SteamVR failed to initialize.  Error: 110
[2016.08.10-21.05.15:491][  0]LogAIModule: Creating AISystem for world NewWorld
[2016.08.10-21.05.15:496][  0]LogInit: XAudio2 using 'D2769-4 (NVIDIA High Definition Audio)' : 2 channels at 48 kHz using 16 bits per sample (channel mask 0x3)
[2016.08.10-21.05.15:502][  0]LogInit: FAudioDevice initialized.
[2016.08.10-21.05.15:528][  0]LogDerivedDataCache: Saved boot cache 0.03s 53MB C:/Users/Robin/AppData/Local/UnrealEngine/4.8/DerivedDataCache/Boot.ddc.
[2016.08.10-21.05.15:533][  0]LogInit: Texture streaming: Disabled
[2016.08.10-21.05.15:556][  0]LogAnalytics: Creating configured Analytics provider AnalyticsET
[2016.08.10-21.05.15:556][  0]LogAnalytics: [UEEditor.Rocket.Release] APIServer = http://et2.epicgames.com/ET2/. AppVersion = 4.8.3-2634408+++depot+UE4-Releases+4.8
[2016.08.10-21.05.15:556][  0]LogAnalytics: [UEEditor.Rocket.Release] SetUserId 78be3e09449d0112797481be4b2e32d8|c8180c64d56c462996a3b9fd6c83de5a|85b6ad54-0d6d-4597-84ef-8e33e907d284
[2016.08.10-21.05.15:556][  0]LogAnalytics: [UEEditor.Rocket.Release] AnalyticsET::StartSession
[2016.08.10-21.05.15:586][  0]LogInit: Transaction tracking system initialized
[2016.08.10-21.05.15:709][  0]BlueprintLog: New page: Editor Load
[2016.08.10-21.05.15:743][  0]LogAssetRegistry: FAssetRegistry took 0.0104 seconds to start up
[2016.08.10-21.05.15:743][  0]LogDirectoryWatcher:Warning: Failed to begin reading directory changes for ../../../Engine/Plugins/Experimental/CharacterAI/Content/. Error: 0
[2016.08.10-21.05.16:300][  0]LogLinker:Warning: Can't find file '/Game/2DSideScrollerBP/2DSideScrollerOverview'
[2016.08.10-21.05.16:300][  0]LogLinker:Warning: Can't find file '/Game/2DSideScrollerBP/2DSideScrollerOverview'
[2016.08.10-21.05.16:301][  0]LogLinker:Warning: Can't find file '/Game/2DSideScrollerBP/2DSideScrollerOverview'
[2016.08.10-21.05.16:301][  0]LogUObjectGlobals:Warning: Failed to find object 'Class /Game/2DSideScrollerBP/2DSideScrollerOverview.2DSideScrollerOverview_C'
[2016.08.10-21.05.16:360][  0]LogConsoleManager:Warning: Console variable 'r.VSync' wasn't set ('GameSetting' has a lower priority than 'SystemSettingsIni')
[2016.08.10-21.05.16:360][  0]LogConsoleResponse:Display: 
[2016.08.10-21.05.16:449][  0]LogCook:Display: Done creating registry. It took  0.00s.
[2016.08.10-21.05.16:608][  0]SourceControl: Info Source control is disabled
[2016.08.10-21.05.16:608][  0]Cmd: MAP LOAD FILE="../../../../../../Users/Robin/Documents/Unreal Projects/GraveYard2D/Content/2DSideScrollerBP/Maps/2DSideScrollerExampleMap.umap" TEMPLATE=0 SHOWPROGRESS=1 FEATURELEVEL=3
[2016.08.10-21.05.16:608][  0]LogEditorServer:Warning: Can't find file '../../../../../../Users/Robin/Documents/Unreal Projects/GraveYard2D/Content/2DSideScrollerBP/Maps/2DSideScrollerExampleMap.umap'
[2016.08.10-21.05.16:608][  0]Cmd: MAP CHECKDEP NOCLEARLOG
[2016.08.10-21.05.16:640][  0]MapCheck: Info Map check complete: 0 Error(s), 0 Warning(s), took 31.516ms to complete.
[2016.08.10-21.05.16:640][  0]LogFileHelpers: Loading map '2DSideScrollerExampleMap' took 0.032
[2016.08.10-21.05.16:754][  0]LogCollectionManager: Loaded 0 collections in 0.002752 seconds
[2016.08.10-21.05.16:761][  0]LogContentBrowser: Native class hierarchy populated in 0.0072 seconds. Added 1792 classes and 301 folders.
[2016.08.10-21.05.16:801][  0]LogContentBrowser: Native class hierarchy updated for 'WidgetCarousel' in 0.0003 seconds. Added 0 classes and 0 folders.
[2016.08.10-21.05.16:828][  0]LogContentBrowser: Native class hierarchy updated for 'AddContentDialog' in 0.0003 seconds. Added 0 classes and 0 folders.
[2016.08.10-21.05.16:843][  0]LogContentBrowser: Native class hierarchy updated for 'SceneOutliner' in 0.0003 seconds. Added 1 classes and 2 folders.
[2016.08.10-21.05.16:875][  0]LogCrashTracker: Crashtracker disabled due to settings.
[2016.08.10-21.05.16:876][  0]LogD3D11RHI: InitD3DDevice
[2016.08.10-21.05.16:879][  0]LogUObjectGlobals:Warning: Failed to find object 'Class None.'
[2016.08.10-21.05.16:900][  0]LogLoad: Full Startup: 6.92 seconds (BP compile: 0.04 seconds)
[2016.08.10-21.05.16:909][  0]LogWindowsTextInputMethodSystem:Display: IME system now deactivated.
[2016.08.10-21.05.16:955][  0]LogContentStreaming: Texture pool size is 0.000000MB
[2016.08.10-21.05.16:971][  0]LogContentStreaming: Texture pool size now 1000 MB
[2016.08.10-21.05.17:082][  0]LogRenderer: Reallocating scene render targets to support 1208x576 (Frame:2).
[2016.08.10-21.05.17:226][  5]LogAssetRegistry: Asset discovery search completed in 1.4938 seconds
[2016.08.10-21.05.17:427][ 28]LogD3D11RHI: InitD3DDevice
[2016.08.10-21.05.20:172][356]LogD3D11RHI: InitD3DDevice
[2016.08.10-21.05.20:349][356]LogAIModule: Creating AISystem for world Demo1-2
[2016.08.10-21.05.20:403][356]Cmd: MAP LOAD FILE="../../../../../../Users/Robin/Documents/Unreal Projects/GraveYard2D/Content/2DGraveyardPackHandcraftedArt/Maps/Demo1-2.umap" TEMPLATE=0 SHOWPROGRESS=1 FEATURELEVEL=3
[2016.08.10-21.05.20:403][356]LightingResults: New page: Lighting Build
[2016.08.10-21.05.20:415][356]LogContentBrowser: Native class hierarchy updated for 'StatsViewer' in 0.0003 seconds. Added 5 classes and 0 folders.
[2016.08.10-21.05.20:433][356]LoadErrors: New page: Loading map: Demo1-2.umap
[2016.08.10-21.05.20:433][356]MapCheck: New page: Map Check
[2016.08.10-21.05.20:433][356]LightingResults: New page: Lighting Build
[2016.08.10-21.05.20:440][356]LogParticles: Destroying 0 GPU particle simulations for FXSystem 0x000002579EA39300
[2016.08.10-21.05.20:498][356]LogAIModule: Creating AISystem for world Demo1-2
[2016.08.10-21.05.20:501][356]LogEditorServer: Finished looking for orphan Actors (0.000 secs)
[2016.08.10-21.05.20:528][356]Cmd: MAP CHECKDEP NOCLEARLOG
[2016.08.10-21.05.20:575][356]MapCheck: Info Map check complete: 0 Error(s), 0 Warning(s), took 47.114ms to complete.
[2016.08.10-21.05.20:575][356]LogFileHelpers: Loading map 'Demo1-2' took 0.173
[2016.08.10-21.05.22:671][604]LogAIModule: Creating AISystem for world Demo1
[2016.08.10-21.05.22:688][604]LogD3D11RHI: InitD3DDevice
[2016.08.10-21.05.23:866][604]LogD3D11RHI: InitD3DDevice
[2016.08.10-21.05.23:889][604]LogD3D11RHI: InitD3DDevice
[2016.08.10-21.05.23:914][604]LogD3D11RHI: InitD3DDevice
[2016.08.10-21.05.29:537][272]LogD3D11RHI: InitD3DDevice
[2016.08.10-21.05.30:286][358]LogD3D11RHI: InitD3DDevice
[2016.08.10-21.05.43:064][148]LogD3D11RHI: InitD3DDevice
[2016.08.10-21.05.46:044][505]LogD3D11RHI: InitD3DDevice
[2016.08.10-21.05.46:066][505]LogD3D11RHI: InitD3DDevice
[2016.08.10-21.05.46:128][505]LogMetaData: Removing '/Game/2DGraveyardPackHandcraftedArt/Maps/OverviewMap.SKEL_OverviewMap_C' ref from Metadata '/Game/2DGraveyardPackHandcraftedArt/Maps/Demo1-3.PackageMetaData'
[2016.08.10-21.05.46:128][505]LogMetaData: Removing '/Game/2DGraveyardPackHandcraftedArt/Maps/OverviewMap.OverviewMap_C' ref from Metadata '/Game/2DGraveyardPackHandcraftedArt/Maps/Demo1-3.PackageMetaData'
[2016.08.10-21.05.46:138][505]LogD3D11RHI: InitD3DDevice
[2016.08.10-21.05.46:275][505]LogSavePackage: Save=67.634903ms
[2016.08.10-21.05.46:275][505]LogSavePackage: Moving '../../../../../../Users/Robin/Documents/Unreal Projects/GraveYard2D/Saved/OverviewMapB56B4B6E4740EF87BE1C9988744F87F6.tmp' to '../../../../../../Users/Robin/Documents/Unreal Projects/GraveYard2D/Content/2DGraveyardPackHandcraftedArt/Maps/OverviewMap.umap'
[2016.08.10-21.05.46:278][505]LogFileHelpers: Saving map 'OverviewMap' took 0.132
[2016.08.10-21.05.46:282][505]LogD3D11RHI: InitD3DDevice
[2016.08.10-21.05.48:957][821]LogD3D11RHI: InitD3DDevice
[2016.08.10-21.05.48:980][821]LogD3D11RHI: InitD3DDevice
[2016.08.10-21.05.52:530][821]Cmd: MAP LOAD FILE="../../../../../../Users/Robin/Documents/Unreal Projects/GraveYard2D/Content/2DGraveyardPackHandcraftedArt/Maps/OverviewMap.umap" TEMPLATE=0 SHOWPROGRESS=1 FEATURELEVEL=3
[2016.08.10-21.05.52:530][821]LightingResults: New page: Lighting Build
[2016.08.10-21.05.52:549][821]LoadErrors: New page: Loading map: OverviewMap.umap
[2016.08.10-21.05.52:550][821]MapCheck: New page: Map Check
[2016.08.10-21.05.52:550][821]LightingResults: New page: Lighting Build
[2016.08.10-21.05.52:566][821]LogParticles: Destroying 0 GPU particle simulations for FXSystem 0x00000257B063F420
[2016.08.10-21.05.52:618][821]LogAIModule: Creating AISystem for world OverviewMap
[2016.08.10-21.05.52:621][821]LogEditorServer: Finished looking for orphan Actors (0.000 secs)
[2016.08.10-21.05.52:648][821]Cmd: MAP CHECKDEP NOCLEARLOG
[2016.08.10-21.05.52:694][821]MapCheck: Info Map check complete: 0 Error(s), 0 Warning(s), took 45.887ms to complete.
[2016.08.10-21.05.52:698][821]LogFileHelpers: Loading map 'OverviewMap' took 0.170
[2016.08.10-21.06.36:212][110]LogD3D11RHI: InitD3DDevice
[2016.08.10-21.06.36:261][110]LogD3D11RHI: InitD3DDevice
[2016.08.10-21.06.36:264][110]LogAssetTools:Warning: Failed to import 'C:\Users\Robin\Documents\Unreal Projects\JungleHandcraftedArt\Content\2DJunglePackHandcraftedArt\Sprites\White_background_Sprite.uasset'. Unknown extension 'uasset'.
[2016.08.10-21.06.46:606][193]LogD3D11RHI: InitD3DDevice
[2016.08.10-21.07.06:477][951]LogD3D11RHI: InitD3DDevice
[2016.08.10-21.07.06:502][951]LogD3D11RHI: InitD3DDevice
[2016.08.10-21.07.06:503][951]LogAssetTools:Warning: Failed to import 'C:\Users\Robin\Documents\Unreal Projects\JungleHandcraftedArt\Content\2DJunglePackHandcraftedArt\Sprites\Texture\White_background.uasset'. Unknown extension 'uasset'.
[2016.08.10-21.09.11:371][112]LogD3D11RHI: InitD3DDevice
[2016.08.10-21.12.31:673][ 55]LogD3D11RHI: InitD3DDevice
[2016.08.10-21.12.31:703][ 55]LogFactory: FactoryCreateBinary: Texture with TextureFactory (0 0 C:\Users\Robin\Pictures\WhitePixel.png)
[2016.08.10-21.12.31:705][ 55]LogTexture:Display: Building textures: WhitePixel (BGRA8)
[2016.08.10-21.12.33:595][124]LogD3D11RHI: InitD3DDevice
[2016.08.10-21.12.34:276][204]LogD3D11RHI: InitD3DDevice
[2016.08.10-21.12.35:277][322]LogD3D11RHI: InitD3DDevice
[2016.08.10-21.12.37:754][606]LogD3D11RHI: InitD3DDevice
[2016.08.10-21.12.38:872][738]LogD3D11RHI: InitD3DDevice
[2016.08.10-21.12.41:005][992]LogD3D11RHI: InitD3DDevice
[2016.08.10-21.12.41:018][992]LogD3D11RHI: InitD3DDevice
[2016.08.10-21.12.41:033][992]LogD3D11RHI: InitD3DDevice
[2016.08.10-21.12.41:068][992]LogSavePackage: Save=6.654529ms
[2016.08.10-21.12.41:068][992]LogSavePackage: Moving '../../../../../../Users/Robin/Documents/Unreal Projects/GraveYard2D/Saved/WhitePixel_SpriteA6C762454DC1A9651B5681A1AD4AAD22.tmp' to '../../../../../../Users/Robin/Documents/Unreal Projects/GraveYard2D/Content/2DGraveyardPackHandcraftedArt/Sprites/WhitePixel_Sprite.uasset'
[2016.08.10-21.12.41:076][992]LogD3D11RHI: InitD3DDevice
[2016.08.10-21.12.46:110][586]LogD3D11RHI: InitD3DDevice
[2016.08.10-21.12.46:132][586]LogD3D11RHI: InitD3DDevice
[2016.08.10-21.12.54:072][586]LogSavePackage: Save=3.784331ms
[2016.08.10-21.12.54:072][586]LogSavePackage: Moving '../../../../../../Users/Robin/Documents/Unreal Projects/GraveYard2D/Saved/WhitePixel835CA32540DA898F3F47DBB901B45269.tmp' to '../../../../../../Users/Robin/Documents/Unreal Projects/GraveYard2D/Content/2DGraveyardPackHandcraftedArt/Sprites/Texture/WhitePixel.uasset'
[2016.08.10-21.12.54:080][586]LogSavePackage: Save=3.280747ms
[2016.08.10-21.12.54:080][586]LogSavePackage: Moving '../../../../../../Users/Robin/Documents/Unreal Projects/GraveYard2D/Saved/WhitePixel_Sprite060819D8419A8D858D1C1F8A5809A77F.tmp' to '../../../../../../Users/Robin/Documents/Unreal Projects/GraveYard2D/Content/2DGraveyardPackHandcraftedArt/Sprites/Texture/WhitePixel_Sprite.uasset'
[2016.08.10-21.12.54:084][586]Cmd: MAP LOAD FILE="../../../../../../Users/Robin/Documents/Unreal Projects/GraveYard2D/Content/2DGraveyardPackHandcraftedArt/Maps/OverviewMap.umap" TEMPLATE=0 SHOWPROGRESS=1 FEATURELEVEL=3
[2016.08.10-21.12.54:084][586]LightingResults: New page: Lighting Build
[2016.08.10-21.12.54:103][586]LoadErrors: New page: Loading map: OverviewMap.umap
[2016.08.10-21.12.54:104][586]MapCheck: New page: Map Check
[2016.08.10-21.12.54:104][586]LightingResults: New page: Lighting Build
[2016.08.10-21.12.54:111][586]LogParticles: Destroying 0 GPU particle simulations for FXSystem 0x0000025795E91300
[2016.08.10-21.12.54:144][586]LogAIModule: Creating AISystem for world OverviewMap
[2016.08.10-21.12.54:147][586]LogEditorServer: Finished looking for orphan Actors (0.000 secs)
[2016.08.10-21.12.54:177][586]Cmd: MAP CHECKDEP NOCLEARLOG
[2016.08.10-21.12.54:224][586]MapCheck: Info Map check complete: 0 Error(s), 0 Warning(s), took 46.89ms to complete.
[2016.08.10-21.12.54:224][586]LogFileHelpers: Loading map 'OverviewMap' took 0.142
[2016.08.10-21.13.09:038][330]LogD3D11RHI: InitD3DDevice
[2016.08.10-21.13.13:024][798]LogD3D11RHI: InitD3DDevice
[2016.08.10-21.13.43:628][234]LogD3D11RHI: InitD3DDevice
[2016.08.10-21.13.52:995][271]LogEditorViewport: Clicking on Actor (LMB): PaperSpriteActor (WhitePixel_Sprite)
[2016.08.10-21.14.09:918][995]LogEditorViewport: Clicking on Actor (LMB): PaperSpriteActor (1far_Sprite)
[2016.08.10-21.14.18:127][950]LogD3D11RHI: InitD3DDevice
[2016.08.10-21.14.20:670][214]LogD3D11RHI: InitD3DDevice
[2016.08.10-21.14.23:188][468]LogD3D11RHI: InitD3DDevice
[2016.08.10-21.14.25:227][674]LogD3D11RHI: InitD3DDevice
[2016.08.10-21.14.27:473][901]LogD3D11RHI: InitD3DDevice
[2016.08.10-21.14.29:925][145]LogD3D11RHI: InitD3DDevice
[2016.08.10-21.14.32:775][432]LogD3D11RHI: InitD3DDevice
[2016.08.10-21.14.35:035][662]LogD3D11RHI: InitD3DDevice
[2016.08.10-21.14.37:442][908]LogD3D11RHI: InitD3DDevice
[2016.08.10-21.14.39:195][ 84]LogD3D11RHI: InitD3DDevice
[2016.08.10-21.14.41:766][360]LogD3D11RHI: InitD3DDevice
[2016.08.10-21.14.45:134][729]LogD3D11RHI: InitD3DDevice
[2016.08.10-21.14.48:074][ 43]LogD3D11RHI: InitD3DDevice
[2016.08.10-21.14.56:285][955]LogD3D11RHI: InitD3DDevice
[2016.08.10-21.14.59:559][302]LogD3D11RHI: InitD3DDevice
[2016.08.10-21.15.02:297][584]LogD3D11RHI: InitD3DDevice
[2016.08.10-21.15.05:190][873]LogD3D11RHI: InitD3DDevice
[2016.08.10-21.15.07:895][146]LogD3D11RHI: InitD3DDevice
[2016.08.10-21.15.10:825][446]LogD3D11RHI: InitD3DDevice
[2016.08.10-21.15.13:672][742]LogD3D11RHI: InitD3DDevice
[2016.08.10-21.15.16:961][ 84]LogD3D11RHI: InitD3DDevice
[2016.08.10-21.15.19:654][357]LogD3D11RHI: InitD3DDevice
[2016.08.10-21.15.22:634][666]LogD3D11RHI: InitD3DDevice
[2016.08.10-21.15.25:410][949]LogD3D11RHI: InitD3DDevice
[2016.08.10-21.15.27:900][204]LogD3D11RHI: InitD3DDevice
[2016.08.10-21.15.30:000][410]LogD3D11RHI: InitD3DDevice
[2016.08.10-21.15.32:542][668]LogD3D11RHI: InitD3DDevice
[2016.08.10-21.15.35:390][958]LogD3D11RHI: InitD3DDevice
[2016.08.10-21.15.37:290][148]LogD3D11RHI: InitD3DDevice
[2016.08.10-21.15.39:013][323]LogD3D11RHI: InitD3DDevice
[2016.08.10-21.15.41:758][605]LogD3D11RHI: InitD3DDevice
[2016.08.10-21.15.44:838][930]LogD3D11RHI: InitD3DDevice
[2016.08.10-21.15.48:778][344]LogD3D11RHI: InitD3DDevice
[2016.08.10-21.15.51:321][601]LogD3D11RHI: InitD3DDevice
[2016.08.10-21.15.55:710][ 44]LogD3D11RHI: InitD3DDevice
[2016.08.10-21.15.58:480][329]LogD3D11RHI: InitD3DDevice
[2016.08.10-21.16.00:785][562]LogD3D11RHI: InitD3DDevice
[2016.08.10-21.16.02:976][783]LogD3D11RHI: InitD3DDevice
[2016.08.10-21.16.05:352][ 27]LogD3D11RHI: InitD3DDevice
[2016.08.10-21.16.07:936][296]LogD3D11RHI: InitD3DDevice
[2016.08.10-21.16.09:898][492]LogD3D11RHI: InitD3DDevice
[2016.08.10-21.16.12:670][781]LogD3D11RHI: InitD3DDevice
[2016.08.10-21.16.15:169][ 41]LogD3D11RHI: InitD3DDevice
[2016.08.10-21.16.17:662][302]LogD3D11RHI: InitD3DDevice
[2016.08.10-21.16.20:155][570]LogD3D11RHI: InitD3DDevice
[2016.08.10-21.16.22:566][824]LogD3D11RHI: InitD3DDevice
[2016.08.10-21.16.25:776][176]LogD3D11RHI: InitD3DDevice
[2016.08.10-21.16.28:594][456]LogD3D11RHI: InitD3DDevice
[2016.08.10-21.16.31:194][716]LogD3D11RHI: InitD3DDevice
[2016.08.10-21.16.35:471][161]LogD3D11RHI: InitD3DDevice
[2016.08.10-21.16.38:098][425]LogD3D11RHI: InitD3DDevice
[2016.08.10-21.16.40:416][658]LogD3D11RHI: InitD3DDevice
[2016.08.10-21.16.42:419][860]LogD3D11RHI: InitD3DDevice
[2016.08.10-21.16.44:503][ 71]LogD3D11RHI: InitD3DDevice
[2016.08.10-21.16.46:638][288]LogD3D11RHI: InitD3DDevice
[2016.08.10-21.16.48:983][525]LogD3D11RHI: InitD3DDevice
[2016.08.10-21.16.51:304][763]LogD3D11RHI: InitD3DDevice
[2016.08.10-21.16.53:615][992]LogD3D11RHI: InitD3DDevice
[2016.08.10-21.16.56:258][266]LogD3D11RHI: InitD3DDevice
[2016.08.10-21.16.59:580][614]LogD3D11RHI: InitD3DDevice
[2016.08.10-21.17.02:264][894]LogD3D11RHI: InitD3DDevice
[2016.08.10-21.17.04:016][ 73]LogD3D11RHI: InitD3DDevice
[2016.08.10-21.17.08:814][591]LogD3D11RHI: InitD3DDevice
[2016.08.10-21.17.11:669][889]LogD3D11RHI: InitD3DDevice
[2016.08.10-21.17.14:611][193]LogD3D11RHI: InitD3DDevice
[2016.08.10-21.17.17:013][436]LogD3D11RHI: InitD3DDevice
[2016.08.10-21.17.20:572][798]LogD3D11RHI: InitD3DDevice
[2016.08.10-21.17.22:809][ 23]LogD3D11RHI: InitD3DDevice
[2016.08.10-21.17.25:046][247]LogD3D11RHI: InitD3DDevice
[2016.08.10-21.17.27:042][442]LogD3D11RHI: InitD3DDevice
[2016.08.10-21.17.29:145][650]LogD3D11RHI: InitD3DDevice
[2016.08.10-21.17.32:497][  0]LogD3D11RHI: InitD3DDevice
[2016.08.10-21.17.34:335][186]LogD3D11RHI: InitD3DDevice
[2016.08.10-21.17.36:369][391]LogD3D11RHI: InitD3DDevice
[2016.08.10-21.17.38:389][596]LogD3D11RHI: InitD3DDevice
[2016.08.10-21.17.39:877][746]LogD3D11RHI: InitD3DDevice
[2016.08.10-21.17.41:530][913]LogD3D11RHI: InitD3DDevice
[2016.08.10-21.17.43:396][100]LogD3D11RHI: InitD3DDevice
[2016.08.10-21.17.46:252][393]LogD3D11RHI: InitD3DDevice
[2016.08.10-21.17.48:775][661]LogD3D11RHI: InitD3DDevice
[2016.08.10-21.17.51:369][929]LogD3D11RHI: InitD3DDevice
[2016.08.10-21.17.53:598][163]LogD3D11RHI: InitD3DDevice
[2016.08.10-21.17.55:719][384]LogD3D11RHI: InitD3DDevice
[2016.08.10-21.18.01:302][985]LogD3D11RHI: InitD3DDevice
[2016.08.10-21.18.04:396][312]LogD3D11RHI: InitD3DDevice
[2016.08.10-21.18.07:144][606]LogD3D11RHI: InitD3DDevice
[2016.08.10-21.18.09:338][835]LogD3D11RHI: InitD3DDevice
[2016.08.10-21.18.11:513][ 68]LogD3D11RHI: InitD3DDevice
[2016.08.10-21.18.15:689][514]LogD3D11RHI: InitD3DDevice
[2016.08.10-21.18.19:746][952]LogD3D11RHI: InitD3DDevice
[2016.08.10-21.18.22:139][196]LogD3D11RHI: InitD3DDevice
[2016.08.10-21.18.24:610][439]LogD3D11RHI: InitD3DDevice
[2016.08.10-21.18.27:018][681]LogD3D11RHI: InitD3DDevice
[2016.08.10-21.18.29:197][902]LogD3D11RHI: InitD3DDevice
[2016.08.10-21.18.31:584][144]LogD3D11RHI: InitD3DDevice
[2016.08.10-21.18.34:015][388]LogD3D11RHI: InitD3DDevice
[2016.08.10-21.18.36:284][621]LogD3D11RHI: InitD3DDevice
[2016.08.10-21.18.38:774][874]LogD3D11RHI: InitD3DDevice
[2016.08.10-21.18.40:984][ 96]LogD3D11RHI: InitD3DDevice
[2016.08.10-21.18.43:163][316]LogD3D11RHI: InitD3DDevice
[2016.08.10-21.18.46:246][636]LogD3D11RHI: InitD3DDevice
[2016.08.10-21.18.48:580][865]LogD3D11RHI: InitD3DDevice
[2016.08.10-21.18.50:395][ 46]LogD3D11RHI: InitD3DDevice
[2016.08.10-21.18.52:062][206]LogD3D11RHI: InitD3DDevice
[2016.08.10-21.18.53:933][384]LogD3D11RHI: InitD3DDevice
[2016.08.10-21.18.55:692][553]LogD3D11RHI: InitD3DDevice
[2016.08.10-21.18.57:922][779]LogD3D11RHI: InitD3DDevice
[2016.08.10-21.18.59:664][952]LogD3D11RHI: InitD3DDevice
[2016.08.10-21.19.01:751][157]LogD3D11RHI: InitD3DDevice
[2016.08.10-21.19.03:738][347]LogD3D11RHI: InitD3DDevice
[2016.08.10-21.19.06:858][662]LogD3D11RHI: InitD3DDevice
[2016.08.10-21.19.09:273][903]LogD3D11RHI: InitD3DDevice
[2016.08.10-21.19.11:364][106]LogD3D11RHI: InitD3DDevice
[2016.08.10-21.19.13:122][277]LogD3D11RHI: InitD3DDevice
[2016.08.10-21.19.15:519][517]LogD3D11RHI: InitD3DDevice
[2016.08.10-21.19.18:071][784]LogD3D11RHI: InitD3DDevice
[2016.08.10-21.19.22:762][266]LogD3D11RHI: InitD3DDevice
[2016.08.10-21.19.26:140][599]LogD3D11RHI: InitD3DDevice
[2016.08.10-21.19.28:989][894]LogD3D11RHI: InitD3DDevice
[2016.08.10-21.19.31:471][145]LogD3D11RHI: InitD3DDevice
[2016.08.10-21.19.33:513][349]LogD3D11RHI: InitD3DDevice
[2016.08.10-21.19.36:126][614]LogD3D11RHI: InitD3DDevice
[2016.08.10-21.19.38:080][810]LogD3D11RHI: InitD3DDevice
[2016.08.10-21.19.40:921][ 97]LogD3D11RHI: InitD3DDevice
[2016.08.10-21.19.42:892][295]LogD3D11RHI: InitD3DDevice
[2016.08.10-21.19.45:235][525]LogD3D11RHI: InitD3DDevice
[2016.08.10-21.19.48:078][830]LogD3D11RHI: InitD3DDevice
[2016.08.10-21.19.50:890][110]LogD3D11RHI: InitD3DDevice
[2016.08.10-21.19.53:002][321]LogD3D11RHI: InitD3DDevice
[2016.08.10-21.19.56:060][636]LogD3D11RHI: InitD3DDevice
[2016.08.10-21.19.58:518][877]LogD3D11RHI: InitD3DDevice
[2016.08.10-21.20.01:182][141]LogD3D11RHI: InitD3DDevice
[2016.08.10-21.20.03:276][338]LogD3D11RHI: InitD3DDevice
[2016.08.10-21.20.05:484][548]LogD3D11RHI: InitD3DDevice
[2016.08.10-21.20.08:226][821]LogD3D11RHI: InitD3DDevice
[2016.08.10-21.20.10:664][ 63]LogD3D11RHI: InitD3DDevice
[2016.08.10-21.20.13:436][341]LogD3D11RHI: InitD3DDevice
[2016.08.10-21.20.17:110][716]LogD3D11RHI: InitD3DDevice
[2016.08.10-21.20.22:223][211]LogD3D11RHI: InitD3DDevice
[2016.08.10-21.20.24:143][398]LogD3D11RHI: InitD3DDevice
[2016.08.10-21.20.25:976][571]LogD3D11RHI: InitD3DDevice
[2016.08.10-21.20.27:880][755]LogD3D11RHI: InitD3DDevice
[2016.08.10-21.20.29:935][958]LogD3D11RHI: InitD3DDevice
[2016.08.10-21.20.32:042][164]LogD3D11RHI: InitD3DDevice
[2016.08.10-21.20.34:438][400]LogD3D11RHI: InitD3DDevice
[2016.08.10-21.20.37:861][741]LogD3D11RHI: InitD3DDevice
[2016.08.10-21.20.40:455][  4]LogD3D11RHI: InitD3DDevice
[2016.08.10-21.20.42:370][188]LogD3D11RHI: InitD3DDevice
[2016.08.10-21.20.44:494][405]LogD3D11RHI: InitD3DDevice
[2016.08.10-21.20.46:520][615]LogD3D11RHI: InitD3DDevice
[2016.08.10-21.20.48:907][857]LogD3D11RHI: InitD3DDevice
[2016.08.10-21.20.51:822][146]LogD3D11RHI: InitD3DDevice
[2016.08.10-21.20.54:024][368]LogD3D11RHI: InitD3DDevice
[2016.08.10-21.20.56:356][605]LogD3D11RHI: InitD3DDevice
[2016.08.10-21.20.58:435][815]LogD3D11RHI: InitD3DDevice
[2016.08.10-21.21.01:295][108]LogD3D11RHI: InitD3DDevice
[2016.08.10-21.21.03:426][327]LogD3D11RHI: InitD3DDevice
[2016.08.10-21.21.05:618][548]LogD3D11RHI: InitD3DDevice
[2016.08.10-21.21.07:597][741]LogD3D11RHI: InitD3DDevice
[2016.08.10-21.21.09:622][944]LogD3D11RHI: InitD3DDevice
[2016.08.10-21.21.11:817][164]LogD3D11RHI: InitD3DDevice
[2016.08.10-21.21.13:838][366]LogD3D11RHI: InitD3DDevice
[2016.08.10-21.21.16:376][615]LogD3D11RHI: InitD3DDevice
[2016.08.10-21.21.18:505][822]LogD3D11RHI: InitD3DDevice
[2016.08.10-21.21.20:894][ 58]LogD3D11RHI: InitD3DDevice
[2016.08.10-21.21.28:102][852]LogD3D11RHI: InitD3DDevice
[2016.08.10-21.21.31:629][210]LogD3D11RHI: InitD3DDevice
[2016.08.10-21.21.34:841][518]LogD3D11RHI: InitD3DDevice
[2016.08.10-21.21.38:834][913]LogD3D11RHI: InitD3DDevice
[2016.08.10-21.21.41:463][179]LogD3D11RHI: InitD3DDevice
[2016.08.10-21.21.43:969][420]LogD3D11RHI: InitD3DDevice
[2016.08.10-21.21.45:876][614]LogD3D11RHI: InitD3DDevice
[2016.08.10-21.21.47:923][831]LogD3D11RHI: InitD3DDevice
[2016.08.10-21.21.50:481][ 99]LogD3D11RHI: InitD3DDevice
[2016.08.10-21.21.52:359][298]LogD3D11RHI: InitD3DDevice
[2016.08.10-21.21.54:408][513]LogD3D11RHI: InitD3DDevice
[2016.08.10-21.21.56:612][748]LogD3D11RHI: InitD3DDevice
[2016.08.10-21.21.58:436][939]LogD3D11RHI: InitD3DDevice
[2016.08.10-21.22.00:371][146]LogD3D11RHI: InitD3DDevice
[2016.08.10-21.22.04:888][656]LogD3D11RHI: InitD3DDevice
[2016.08.10-21.22.07:350][916]LogD3D11RHI: InitD3DDevice
[2016.08.10-21.22.10:882][301]LogD3D11RHI: InitD3DDevice
[2016.08.10-21.22.13:909][631]LogD3D11RHI: InitD3DDevice
[2016.08.10-21.22.17:887][ 15]LogD3D11RHI: InitD3DDevice
[2016.08.10-21.22.20:286][264]LogD3D11RHI: InitD3DDevice
[2016.08.10-21.22.23:335][583]LogD3D11RHI: InitD3DDevice
[2016.08.10-21.22.25:813][827]LogD3D11RHI: InitD3DDevice
[2016.08.10-21.22.28:338][ 86]LogD3D11RHI: InitD3DDevice
[2016.08.10-21.22.30:464][310]LogD3D11RHI: InitD3DDevice
[2016.08.10-21.22.32:222][502]LogD3D11RHI: InitD3DDevice
[2016.08.10-21.22.34:351][728]LogD3D11RHI: InitD3DDevice
[2016.08.10-21.22.36:547][950]LogD3D11RHI: InitD3DDevice
[2016.08.10-21.22.39:944][297]LogD3D11RHI: InitD3DDevice
[2016.08.10-21.22.42:093][511]LogD3D11RHI: InitD3DDevice
[2016.08.10-21.22.43:965][696]LogD3D11RHI: InitD3DDevice
[2016.08.10-21.22.46:222][928]LogD3D11RHI: InitD3DDevice
[2016.08.10-21.22.50:120][358]LogEditorViewport: Clicking on Actor (LMB): PaperSpriteActor (WhitePixel_Sprite)
[2016.08.10-21.23.11:063][ 58]LogD3D11RHI: InitD3DDevice
[2016.08.10-21.23.18:576][591]LogD3D11RHI: InitD3DDevice
[2016.08.10-21.23.21:007][591]LogD3D11RHI: InitD3DDevice
[2016.08.10-21.23.21:244][591]LogSavePackage: Save=112.704529ms
[2016.08.10-21.23.21:244][591]LogSavePackage: Moving '../../../../../../Users/Robin/Documents/Unreal Projects/GraveYard2D/Saved/OverviewMap2E64F6E84A5F37E83210438911337D50.tmp' to '../../../../../../Users/Robin/Documents/Unreal Projects/GraveYard2D/Content/2DGraveyardPackHandcraftedArt/Maps/OverviewMap.umap'
[2016.08.10-21.23.21:277][591]LogFileHelpers: Saving map 'OverviewMap' took 0.256
[2016.08.10-21.23.21:356][591]LogWindowsTextInputMethodSystem:Display: IME system now deactivated.
[2016.08.10-21.23.21:602][592]Cmd: QUIT_EDITOR
[2016.08.10-21.23.21:823][592]LogExit: Preparing to exit.
[2016.08.10-21.23.22:129][592]LogExit: Editor shut down
[2016.08.10-21.23.22:129][592]LogExit: Transaction tracking system shut down
[2016.08.10-21.23.22:132][592]LogParticles: Destroying 0 GPU particle simulations for FXSystem 0x0000025795F04900
[2016.08.10-21.23.22:139][592]LogParticles: Destroying 0 GPU particle simulations for FXSystem 0x00000257964536A0
[2016.08.10-21.23.22:139][592]LogParticles: Destroying 0 GPU particle simulations for FXSystem 0x00000257933F1120
[2016.08.10-21.23.22:455][592]LogExit: Object subsystem successfully closed.
[2016.08.10-21.23.22:469][592]LogD3D11RHI: Shutdown
[2016.08.10-21.23.22:469][592]LogD3D11RHI: CleanupD3DDevice
[2016.08.10-21.23.22:553][592]LogD3D11RHI: ~FD3D11DynamicRHI
[2016.08.10-21.23.22:570][592]LogModuleManager: Shutting down and abandoning module StatsViewer (188)
[2016.08.10-21.23.22:570][592]LogModuleManager: Shutting down and abandoning module CrashTracker (187)
[2016.08.10-21.23.22:570][592]LogModuleManager: Shutting down and abandoning module SceneOutliner (186)
[2016.08.10-21.23.22:570][592]LogModuleManager: Shutting down and abandoning module SuperSearch (185)
[2016.08.10-21.23.22:570][592]LogModuleManager: Shutting down and abandoning module WidgetCarousel (184)
[2016.08.10-21.23.22:570][592]LogModuleManager: Shutting down and abandoning module AddContentDialog (183)
[2016.08.10-21.23.22:571][592]LogModuleManager: Shutting down and abandoning module EditorWidgets (182)
[2016.08.10-21.23.22:571][592]LogModuleManager: Shutting down and abandoning module CollectionManager (181)
[2016.08.10-21.23.22:571][592]LogModuleManager: Shutting down and abandoning module FoliageEdit (180)
[2016.08.10-21.23.22:571][592]LogModuleManager: Shutting down and abandoning module LandscapeEditor (179)
[2016.08.10-21.23.22:571][592]LogModuleManager: Shutting down and abandoning module ActorPickerMode (178)
[2016.08.10-21.23.22:571][592]LogModuleManager: Shutting down and abandoning module GeometryMode (177)
[2016.08.10-21.23.22:571][592]LogModuleManager: Shutting down and abandoning module TextureAlignMode (176)
[2016.08.10-21.23.22:571][592]LogModuleManager: Shutting down and abandoning module BspMode (175)
[2016.08.10-21.23.22:571][592]LogModuleManager: Shutting down and abandoning module PlacementMode (174)
[2016.08.10-21.23.22:571][592]LogModuleManager: Shutting down and abandoning module AutomationWorker (173)
[2016.08.10-21.23.22:571][592]LogModuleManager: Shutting down and abandoning module CharacterAI (172)
[2016.08.10-21.23.22:571][592]LogModuleManager: Shutting down and abandoning module SmartSnapping (171)
[2016.08.10-21.23.22:571][592]LogModuleManager: Shutting down and abandoning module ViewportSnapping (170)
[2016.08.10-21.23.22:571][592]LogModuleManager: Shutting down and abandoning module LogVisualizer (169)
[2016.08.10-21.23.22:571][592]LogModuleManager: Shutting down and abandoning module GameProjectGeneration (168)
[2016.08.10-21.23.22:571][592]LogModuleManager: Shutting down and abandoning module IntroTutorials (167)
[2016.08.10-21.23.22:571][592]LogModuleManager: Shutting down and abandoning module EditorLiveStreaming (166)
[2016.08.10-21.23.22:571][592]LogModuleManager: Shutting down and abandoning module IOSPlatformEditor (165)
[2016.08.10-21.23.22:571][592]LogModuleManager: Shutting down and abandoning module HTML5PlatformEditor (164)
[2016.08.10-21.23.22:571][592]LogModuleManager: Shutting down and abandoning module AndroidDeviceDetection (163)
[2016.08.10-21.23.23:518][592]LogModuleManager: Shutting down and abandoning module AndroidPlatformEditor (162)
[2016.08.10-21.23.23:518][592]LogModuleManager: Shutting down and abandoning module IOSRuntimeSettings (161)
[2016.08.10-21.23.23:518][592]LogModuleManager: Shutting down and abandoning module AndroidRuntimeSettings (160)
[2016.08.10-21.23.23:518][592]LogModuleManager: Shutting down and abandoning module MergeActors (159)
[2016.08.10-21.23.23:518][592]LogModuleManager: Shutting down and abandoning module SizeMap (158)
[2016.08.10-21.23.23:518][592]LogModuleManager: Shutting down and abandoning module TreeMap (157)
[2016.08.10-21.23.23:518][592]LogModuleManager: Shutting down and abandoning module ReferenceViewer (156)
[2016.08.10-21.23.23:518][592]LogModuleManager: Shutting down and abandoning module LocalizationDashboard (155)
[2016.08.10-21.23.23:518][592]LogModuleManager: Shutting down and abandoning module HardwareTargeting (154)
[2016.08.10-21.23.23:518][592]LogModuleManager: Shutting down and abandoning module DeviceProfileEditor (153)
[2016.08.10-21.23.23:518][592]LogModuleManager: Shutting down and abandoning module UndoHistory (152)
[2016.08.10-21.23.23:518][592]LogModuleManager: Shutting down and abandoning module GameplayTagsEditor (151)
[2016.08.10-21.23.23:518][592]LogModuleManager: Shutting down and abandoning module UserFeedback (150)
[2016.08.10-21.23.23:518][592]LogModuleManager: Shutting down and abandoning module XmlParser (149)
[2016.08.10-21.23.23:518][592]LogModuleManager: Shutting down and abandoning module Blutility (148)
[2016.08.10-21.23.23:518][592]LogModuleManager: Shutting down and abandoning module ProjectTargetPlatformEditor (147)
[2016.08.10-21.23.23:518][592]LogModuleManager: Shutting down and abandoning module ProjectSettingsViewer (146)
[2016.08.10-21.23.23:518][592]LogModuleManager: Shutting down and abandoning module InputBindingEditor (145)
[2016.08.10-21.23.23:518][592]LogModuleManager: Shutting down and abandoning module EditorSettingsViewer (144)
[2016.08.10-21.23.23:518][592]LogModuleManager: Shutting down and abandoning module SettingsEditor (143)
[2016.08.10-21.23.23:518][592]LogModuleManager: Shutting down and abandoning module ProjectLauncher (142)
[2016.08.10-21.23.23:518][592]LogModuleManager: Shutting down and abandoning module SessionFrontend (141)
[2016.08.10-21.23.23:518][592]LogModuleManager: Shutting down and abandoning module ProfilerClient (140)
[2016.08.10-21.23.23:518][592]LogModuleManager: Shutting down and abandoning module TargetDeviceServices (139)
[2016.08.10-21.23.23:518][592]LogModuleManager: Shutting down and abandoning module DeviceManager (138)
[2016.08.10-21.23.23:519][592]LogModuleManager: Shutting down and abandoning module AutomationController (137)
[2016.08.10-21.23.23:519][592]LogModuleManager: Shutting down and abandoning module AutomationWindow (136)
[2016.08.10-21.23.23:519][592]LogModuleManager: Shutting down and abandoning module Layers (135)
[2016.08.10-21.23.23:519][592]LogModuleManager: Shutting down and abandoning module ComponentVisualizers (134)
[2016.08.10-21.23.23:519][592]LogModuleManager: Shutting down and abandoning module DetailCustomizations (133)
[2016.08.10-21.23.23:519][592]LogModuleManager: Shutting down and abandoning module PackagesDialog (132)
[2016.08.10-21.23.23:519][592]LogModuleManager: Shutting down and abandoning module AssetRegistry (131)
[2016.08.10-21.23.23:577][592]LogModuleManager: Shutting down and abandoning module Persona (130)
[2016.08.10-21.23.23:577][592]LogModuleManager: Shutting down and abandoning module Kismet (129)
[2016.08.10-21.23.23:577][592]LogModuleManager: Shutting down and abandoning module GraphEditor (128)
[2016.08.10-21.23.23:577][592]LogModuleManager: Shutting down and abandoning module ClassViewer (127)
[2016.08.10-21.23.23:577][592]LogModuleManager: Shutting down and abandoning module Toolbox (126)
[2016.08.10-21.23.23:577][592]LogModuleManager: Shutting down and abandoning module ModuleUI (125)
[2016.08.10-21.23.23:577][592]LogModuleManager: Shutting down and abandoning module MovieSceneTools (124)
[2016.08.10-21.23.23:577][592]LogModuleManager: Shutting down and abandoning module OutputLog (123)
[2016.08.10-21.23.23:577][592]LogModuleManager: Shutting down and abandoning module GammaUI (122)
[2016.08.10-21.23.23:577][592]LogModuleManager: Shutting down and abandoning module Documentation (121)
[2016.08.10-21.23.23:577][592]LogModuleManager: Shutting down and abandoning module GameLiveStreaming (120)
[2016.08.10-21.23.23:577][592]LogModuleManager: Shutting down and abandoning module StreamingPauseRendering (119)
[2016.08.10-21.23.23:577][592]LogModuleManager: Shutting down and abandoning module AnalyticsET (118)
[2016.08.10-21.23.23:577][592]LogModuleManager: Shutting down and abandoning module Analytics (117)
[2016.08.10-21.23.23:577][592]LogModuleManager: Shutting down and abandoning module AITestSuite (116)
[2016.08.10-21.23.23:577][592]LogModuleManager: Shutting down and abandoning module GameplayDebugger (115)
[2016.08.10-21.23.23:577][592]LogModuleManager: Shutting down and abandoning module AIModule (114)
[2016.08.10-21.23.23:577][592]LogModuleManager: Shutting down and abandoning module ProfilerService (113)
[2016.08.10-21.23.23:595][592]LogModuleManager: Shutting down and abandoning module TaskGraph (112)
[2016.08.10-21.23.23:595][592]LogModuleManager: Shutting down and abandoning module SlateRemote (111)
[2016.08.10-21.23.23:595][592]LogModuleManager: Shutting down and abandoning module SteamVRController (110)
[2016.08.10-21.23.23:595][592]LogModuleManager: Shutting down and abandoning module SteamVR (109)
[2016.08.10-21.23.23:595][592]LogModuleManager: Shutting down and abandoning module ProceduralMeshComponent (108)
[2016.08.10-21.23.23:595][592]LogModuleManager: Shutting down and abandoning module OculusRift (107)
[2016.08.10-21.23.23:595][592]LogModuleManager: Shutting down and abandoning module LeapMotionController (106)
[2016.08.10-21.23.23:611][592]LogModuleManager: Shutting down and abandoning module CustomMeshComponent (105)
[2016.08.10-21.23.23:611][592]LogModuleManager: Shutting down and abandoning module CableComponent (104)
[2016.08.10-21.23.23:611][592]LogModuleManager: Shutting down and abandoning module MessagingDebugger (103)
[2016.08.10-21.23.23:611][592]LogModuleManager: Shutting down and abandoning module MediaPlayerEditor (102)
[2016.08.10-21.23.23:611][592]LogModuleManager: Shutting down and abandoning module SpeedTreeImporter (101)
[2016.08.10-21.23.23:611][592]LogModuleManager: Shutting down and abandoning module PluginBrowser (100)
[2016.08.10-21.23.23:611][592]LogModuleManager: Shutting down and abandoning module EpicSurvey (99)
[2016.08.10-21.23.23:611][592]LogModuleManager: Shutting down and abandoning module DesktopPlatform (98)
[2016.08.10-21.23.23:611][592]LogModuleManager: Shutting down and abandoning module VisualStudioSourceCodeAccess (97)
[2016.08.10-21.23.23:611][592]LogModuleManager: Shutting down and abandoning module UObjectPlugin (96)
[2016.08.10-21.23.23:611][592]LogModuleManager: Shutting down and abandoning module SubversionSourceControl (95)
[2016.08.10-21.23.23:611][592]LogModuleManager: Shutting down and abandoning module PerforceSourceControl (94)
[2016.08.10-21.23.23:611][592]LogModuleManager: Shutting down and abandoning module SourceControl (93)
[2016.08.10-21.23.23:611][592]LogModuleManager: Shutting down and abandoning module GitSourceControl (92)
[2016.08.10-21.23.23:611][592]LogModuleManager: Shutting down and abandoning module BlankPlugin (91)
[2016.08.10-21.23.23:611][592]LogModuleManager: Shutting down and abandoning module PaperTiledImporter (90)
[2016.08.10-21.23.23:611][592]LogModuleManager: Shutting down and abandoning module PaperSpriteSheetImporter (89)
[2016.08.10-21.23.23:611][592]LogModuleManager: Shutting down and abandoning module MeshPaint (88)
[2016.08.10-21.23.23:611][592]LogModuleManager: Shutting down and abandoning module SlateReflector (87)
[2016.08.10-21.23.23:611][592]LogModuleManager: Shutting down and abandoning module DirectoryWatcher (86)
[2016.08.10-21.23.23:611][592]LogModuleManager: Shutting down and abandoning module HotReload (85)
[2016.08.10-21.23.23:612][592]LogModuleManager: Shutting down and abandoning module MainFrame (84)
[2016.08.10-21.23.23:612][592]LogModuleManager: Shutting down and abandoning module LevelEditor (83)
[2016.08.10-21.23.23:612][592]LogModuleManager: Shutting down and abandoning module ContentBrowser (82)
[2016.08.10-21.23.23:613][592]LogModuleManager: Shutting down and abandoning module Paper2DEditor (81)
[2016.08.10-21.23.23:613][592]LogModuleManager: Shutting down and abandoning module UdpMessaging (80)
[2016.08.10-21.23.23:714][592]LogModuleManager: Shutting down and abandoning module Paper2D (79)
[2016.08.10-21.23.23:714][592]LogModuleManager: Shutting down and abandoning module WindowsMoviePlayer (78)
[2016.08.10-21.23.23:719][592]LogModuleManager: Shutting down and abandoning module Media (77)
[2016.08.10-21.23.23:719][592]LogModuleManager: Shutting down and abandoning module WmfMedia (76)
[2016.08.10-21.23.23:719][592]LogModuleManager: Shutting down and abandoning module OnlineBlueprintSupport (75)
[2016.08.10-21.23.23:719][592]LogModuleManager: Shutting down and abandoning module PropertyEditor (74)
[2016.08.10-21.23.23:719][592]LogModuleManager: Shutting down and abandoning module BehaviorTreeEditor (73)
[2016.08.10-21.23.23:719][592]LogModuleManager: Shutting down and abandoning module FunctionalTesting (72)
[2016.08.10-21.23.23:719][592]LogModuleManager: Shutting down and abandoning module CollisionAnalyzer (71)
[2016.08.10-21.23.23:719][592]LogModuleManager: Shutting down and abandoning module WorkspaceMenuStructure (70)
[2016.08.10-21.23.23:719][592]LogModuleManager: Shutting down and abandoning module MessageLog (69)
[2016.08.10-21.23.23:719][592]LogModuleManager: Shutting down and abandoning module Sequencer (68)
[2016.08.10-21.23.23:720][592]LogModuleManager: Shutting down and abandoning module AssetTools (67)
[2016.08.10-21.23.23:720][592]LogModuleManager: Shutting down and abandoning module UMGEditor (66)
[2016.08.10-21.23.23:720][592]LogModuleManager: Shutting down and abandoning module UMG (65)
[2016.08.10-21.23.23:720][592]LogModuleManager: Shutting down and abandoning module Slate (64)
[2016.08.10-21.23.23:720][592]LogModuleManager: Shutting down and abandoning module EditorStyle (63)
[2016.08.10-21.23.23:724][592]LogModuleManager: Shutting down and abandoning module SessionServices (62)
[2016.08.10-21.23.23:724][592]LogModuleManager: Shutting down and abandoning module SourceCodeAccess (61)
[2016.08.10-21.23.23:724][592]LogModuleManager: Shutting down and abandoning module HeadMountedDisplay (60)
[2016.08.10-21.23.23:724][592]LogModuleManager: Shutting down and abandoning module XAudio2 (59)
[2016.08.10-21.23.23:724][592]LogModuleManager: Shutting down and abandoning module Networking (57)
[2016.08.10-21.23.23:724][592]LogModuleManager: Shutting down and abandoning module Core (56)
[2016.08.10-21.23.23:724][592]LogModuleManager: Shutting down and abandoning module KismetCompiler (55)
[2016.08.10-21.23.23:724][592]LogModuleManager: Shutting down and abandoning module PhysXFormats (54)
[2016.08.10-21.23.23:724][592]LogModuleManager: Shutting down and abandoning module MeshUtilities (53)
[2016.08.10-21.23.23:724][592]LogModuleManager: Shutting down and abandoning module DerivedDataCache (52)
[2016.08.10-21.23.23:752][592]LogDerivedDataCache: Shutdown
[2016.08.10-21.23.23:752][592]LogModuleManager: Shutting down and abandoning module ShaderFormatOpenGL (51)
[2016.08.10-21.23.23:752][592]LogModuleManager: Shutting down and abandoning module ShaderFormatD3D (50)
[2016.08.10-21.23.23:752][592]LogModuleManager: Shutting down and abandoning module MetalShaderFormat (49)
[2016.08.10-21.23.23:752][592]LogModuleManager: Shutting down and abandoning module TextureFormatUncompressed (48)
[2016.08.10-21.23.23:752][592]LogModuleManager: Shutting down and abandoning module TextureFormatPVR (47)
[2016.08.10-21.23.23:752][592]LogModuleManager: Shutting down and abandoning module TextureFormatIntelISPCTexComp (46)
[2016.08.10-21.23.23:752][592]LogModuleManager: Shutting down and abandoning module TextureFormatDXT (45)
[2016.08.10-21.23.23:752][592]LogModuleManager: Shutting down and abandoning module ImageWrapper (44)
[2016.08.10-21.23.23:752][592]LogModuleManager: Shutting down and abandoning module TextureFormatASTC (43)
[2016.08.10-21.23.23:752][592]LogModuleManager: Shutting down and abandoning module TextureFormatAndroid (42)
[2016.08.10-21.23.23:752][592]LogModuleManager: Shutting down and abandoning module AudioFormatOpus (41)
[2016.08.10-21.23.23:752][592]LogModuleManager: Shutting down and abandoning module AudioFormatOgg (40)
[2016.08.10-21.23.23:752][592]LogModuleManager: Shutting down and abandoning module AudioFormatADPCM (39)
[2016.08.10-21.23.23:752][592]LogModuleManager: Shutting down and abandoning module LinuxTargetPlatform (38)
[2016.08.10-21.23.23:752][592]LogModuleManager: Shutting down and abandoning module LinuxServerTargetPlatform (37)
[2016.08.10-21.23.23:752][592]LogModuleManager: Shutting down and abandoning module LinuxNoEditorTargetPlatform (36)
[2016.08.10-21.23.23:752][592]LogModuleManager: Shutting down and abandoning module Messaging (35)
[2016.08.10-21.23.23:752][592]LogModuleManager: Shutting down and abandoning module IOSTargetPlatform (34)
[2016.08.10-21.23.23:752][592]LogModuleManager: Shutting down and abandoning module HTML5TargetPlatform (33)
[2016.08.10-21.23.23:752][592]LogModuleManager: Shutting down and abandoning module Android_PVRTCTargetPlatform (32)
[2016.08.10-21.23.23:752][592]LogModuleManager: Shutting down and abandoning module Android_ETC2TargetPlatform (31)
[2016.08.10-21.23.23:752][592]LogModuleManager: Shutting down and abandoning module Android_ETC1TargetPlatform (30)
[2016.08.10-21.23.23:752][592]LogModuleManager: Shutting down and abandoning module Android_DXTTargetPlatform (29)
[2016.08.10-21.23.23:752][592]LogModuleManager: Shutting down and abandoning module Android_ATCTargetPlatform (28)
[2016.08.10-21.23.23:752][592]LogModuleManager: Shutting down and abandoning module Android_ASTCTargetPlatform (27)
[2016.08.10-21.23.23:752][592]LogModuleManager: Shutting down and abandoning module AndroidTargetPlatform (26)
[2016.08.10-21.23.23:752][592]LogModuleManager: Shutting down and abandoning module WindowsTargetPlatform (25)
[2016.08.10-21.23.23:752][592]LogModuleManager: Shutting down and abandoning module WindowsServerTargetPlatform (24)
[2016.08.10-21.23.23:752][592]LogModuleManager: Shutting down and abandoning module WindowsNoEditorTargetPlatform (23)
[2016.08.10-21.23.23:752][592]LogModuleManager: Shutting down and abandoning module WindowsClientTargetPlatform (22)
[2016.08.10-21.23.23:752][592]LogModuleManager: Shutting down and abandoning module DesktopTargetPlatform (21)
[2016.08.10-21.23.23:752][592]LogModuleManager: Shutting down and abandoning module TargetPlatform (20)
[2016.08.10-21.23.23:753][592]LogModuleManager: Shutting down and abandoning module InputCore (19)
[2016.08.10-21.23.23:753][592]LogModuleManager: Shutting down and abandoning module Settings (18)
[2016.08.10-21.23.23:753][592]LogModuleManager: Shutting down and abandoning module OnlineSubsystem (16)
[2016.08.10-21.23.23:753][592]LogModuleManager: Shutting down and abandoning module HTTP (15)
[2016.08.10-21.23.23:753][592]LogModuleManager: Shutting down and abandoning module ExampleDeviceProfileSelector (14)
[2016.08.10-21.23.23:753][592]LogModuleManager: Shutting down and abandoning module TextureCompressor (13)
[2016.08.10-21.23.23:753][592]LogModuleManager: Shutting down and abandoning module ShaderCore (12)
[2016.08.10-21.23.23:753][592]LogModuleManager: Shutting down and abandoning module Landscape (11)
[2016.08.10-21.23.23:753][592]LogModuleManager: Shutting down and abandoning module SlateRHIRenderer (10)
[2016.08.10-21.23.23:757][592]LogModuleManager: Shutting down and abandoning module OpenGLDrv (9)
[2016.08.10-21.23.23:757][592]LogModuleManager: Shutting down and abandoning module D3D11RHI (8)
[2016.08.10-21.23.23:757][592]LogModuleManager: Shutting down and abandoning module Renderer (7)
[2016.08.10-21.23.23:757][592]LogModuleManager: Shutting down and abandoning module Engine (6)
[2016.08.10-21.23.23:757][592]LogModuleManager: Shutting down and abandoning module CoreUObject (5)
[2016.08.10-21.23.23:757][592]LogModuleManager: Shutting down and abandoning module NetworkFile (4)
[2016.08.10-21.23.23:757][592]LogModuleManager: Shutting down and abandoning module StreamingFile (3)
[2016.08.10-21.23.23:757][592]LogModuleManager: Shutting down and abandoning module SandboxFile (2)
[2016.08.10-21.23.23:757][592]LogModuleManager: Shutting down and abandoning module PakFile (1)
[2016.08.10-21.23.23:758][592]LogExit: Exiting.
[2016.08.10-21.23.23:760][592]Log file closed, 08/10/16 23:23:23
