Log file open, 07/19/20 10:30:42
LogWindows: Failed to load 'aqProf.dll' (GetLastError=126)
LogWindows: File 'aqProf.dll' does not exist
LogWindows: Failed to load 'VSPerf140.dll' (GetLastError=126)
LogWindows: File 'VSPerf140.dll' does not exist
LogWindows: Failed to load 'VtuneApi.dll' (GetLastError=126)
LogWindows: File 'VtuneApi.dll' does not exist
LogWindows: Failed to load 'VtuneApi32e.dll' (GetLastError=126)
LogWindows: File 'VtuneApi32e.dll' does not exist
LogInit: Display: Running engine for game: Try
LogPlatformFile: Not using cached read wrapper
LogTaskGraph: Started task graph with 5 named threads and 35 total threads with 3 sets of task threads.
LogStats: Stats thread started at 0.399952
LogD3D11RHI: Loaded GFSDK_Aftermath_Lib.x64.dll
LogICUInternationalization: Display: ICU TimeZone Detection - Raw Offset: +5:45, Platform Override: ''
LogPluginManager: Mounting plugin Paper2D
LogPluginManager: Mounting plugin AISupport
LogPluginManager: Mounting plugin LightPropagationVolume
LogPluginManager: Mounting plugin CLionSourceCodeAccess
LogPluginManager: Mounting plugin CodeLiteSourceCodeAccess
LogPluginManager: Mounting plugin GitSourceControl
LogPluginManager: Mounting plugin KDevelopSourceCodeAccess
LogPluginManager: Mounting plugin NullSourceCodeAccess
LogPluginManager: Mounting plugin PerforceSourceControl
LogPluginManager: Mounting plugin SubversionSourceControl
LogPluginManager: Mounting plugin UObjectPlugin
LogPluginManager: Mounting plugin VisualStudioCodeSourceCodeAccess
LogPluginManager: Mounting plugin VisualStudioSourceCodeAccess
LogPluginManager: Mounting plugin XCodeSourceCodeAccess
LogPluginManager: Mounting plugin AssetManagerEditor
LogPluginManager: Mounting plugin CryptoKeys
LogPluginManager: Mounting plugin DataValidation
LogPluginManager: Mounting plugin FacialAnimation
LogPluginManager: Mounting plugin GameplayTagsEditor
LogPluginManager: Mounting plugin MacGraphicsSwitching
LogPluginManager: Mounting plugin MeshEditor
LogPluginManager: Mounting plugin MobileLauncherProfileWizard
LogPluginManager: Mounting plugin PluginBrowser
LogPluginManager: Mounting plugin SpeedTreeImporter
LogPluginManager: Mounting plugin DatasmithContent
LogPluginManager: Mounting plugin AlembicImporter
LogPluginManager: Mounting plugin AppleImageUtils
LogPluginManager: Mounting plugin AppleVision
LogPluginManager: Mounting plugin BackChannel
LogPluginManager: Mounting plugin CharacterAI
LogPluginManager: Mounting plugin GeometryCache
LogPluginManager: Mounting plugin HTML5Networking
LogPluginManager: Mounting plugin ProxyLODPlugin
LogPluginManager: Mounting plugin MagicLeap
LogPluginManager: Mounting plugin MagicLeapEmulator
LogPluginManager: Mounting plugin MagicLeapMedia
LogPluginManager: Mounting plugin AndroidMedia
LogPluginManager: Mounting plugin AvfMedia
LogPluginManager: Mounting plugin ImgMedia
LogPluginManager: Mounting plugin LinearTimecode
LogPluginManager: Mounting plugin MediaCompositing
LogPluginManager: Mounting plugin MediaPlayerEditor
LogPluginManager: Mounting plugin WmfMedia
LogPluginManager: Mounting plugin TcpMessaging
LogPluginManager: Mounting plugin UdpMessaging
LogPluginManager: Mounting plugin ActorSequence
LogPluginManager: Mounting plugin LevelSequenceEditor
LogPluginManager: Mounting plugin MatineeToLevelSequence
LogPluginManager: Mounting plugin NetcodeUnitTest
LogPluginManager: Mounting plugin NUTUnrealEngine4
LogPluginManager: Mounting plugin OnlineSubsystemGooglePlay
LogPluginManager: Mounting plugin OnlineSubsystemIOS
LogPluginManager: Mounting plugin OnlineSubsystem
LogPluginManager: Mounting plugin OnlineSubsystemNull
LogPluginManager: Mounting plugin OnlineSubsystemUtils
LogPluginManager: Mounting plugin LauncherChunkInstaller
LogPluginManager: Mounting plugin AndroidDeviceProfileSelector
LogPluginManager: Mounting plugin AndroidMoviePlayer
LogPluginManager: Mounting plugin AndroidPermission
LogPluginManager: Mounting plugin AppleMoviePlayer
LogPluginManager: Mounting plugin ArchVisCharacter
LogPluginManager: Mounting plugin AudioCapture
LogPluginManager: Mounting plugin CableComponent
LogPluginManager: Mounting plugin CustomMeshComponent
LogPluginManager: Mounting plugin EditableMesh
LogPluginManager: Mounting plugin ExampleDeviceProfileSelector
LogPluginManager: Mounting plugin GoogleCloudMessaging
LogPluginManager: Mounting plugin ImmediatePhysics
LogPluginManager: Mounting plugin IOSDeviceProfileSelector
LogPluginManager: Mounting plugin LinuxDeviceProfileSelector
LogPluginManager: Mounting plugin LocationServicesBPLibrary
LogPluginManager: Mounting plugin MobilePatchingUtils
LogPluginManager: Mounting plugin OculusVR
LogPluginManager: Plugin shader directory ../../../Engine/Plugins/Runtime/Oculus/OculusVR/Shaders found
LogPluginManager: Mapping shader source directory ../../../Engine/Plugins/Runtime/Oculus/OculusVR/Shaders to virtual directory /Plugin/OculusVR
LogPluginManager: Mounting plugin PhysXVehicles
LogPluginManager: Mounting plugin ProceduralMeshComponent
LogPluginManager: Mounting plugin RuntimePhysXCooking
LogPluginManager: Mounting plugin SteamVR
LogPluginManager: Mounting plugin WindowsMoviePlayer
LogStreaming: Display: Took  0.867s to configure plugins.
LogInit: Using libcurl 7.55.1-DEV
LogInit:  - built for x86_64-pc-win32
LogInit:  - supports SSL with OpenSSL/1.0.2h
LogInit:  - supports HTTP deflate (compression) using libz 1.2.8
LogInit:  - other features:
LogInit:      CURL_VERSION_SSL
LogInit:      CURL_VERSION_LIBZ
LogInit:      CURL_VERSION_IPV6
LogInit:      CURL_VERSION_ASYNCHDNS
LogInit:      CURL_VERSION_LARGEFILE
LogInit:      CURL_VERSION_IDN
LogInit:  CurlRequestOptions (configurable via config and command line):
LogInit:  - bVerifyPeer = false  - Libcurl will NOT verify peer certificate
LogInit:  - bUseHttpProxy = false  - Libcurl will NOT use HTTP proxy
LogInit:  - bDontReuseConnections = false  - Libcurl will reuse connections
LogInit:  - CertBundlePath = nullptr  - Libcurl will use whatever was configured at build time.
LogInit:  - MaxHostConnections = 16  - Libcurl will limit the number of connections to a host
LogInit:  - LocalHostAddr = Default
LogInit:  - BufferSize = 65536
LogInit: WinSock: version 1.1 (2.2), MaxSocks=32767, MaxUdp=65467
LogInit: Build: ++UE4+Release-4.20-CL-4369336
LogInit: Engine Version: 4.20.3-4369336+++UE4+Release-4.20
LogInit: Compatible Engine Version: 4.20.0-4212847+++UE4+Release-4.20
LogInit: Net CL: 4212847
LogInit: OS: Windows 10 (), CPU: Intel(R) Core(TM) i7-8750H CPU @ 2.20GHz, GPU: Intel(R) UHD Graphics 630
LogInit: Compiled (64-bit): Sep 17 2018 12:26:19
LogInit: Compiled with Visual C++: 19.13.26129.00
LogInit: Build Configuration: Development
LogInit: Branch Name: ++UE4+Release-4.20
LogInit: Command Line: -EpicPortal  -epicusername="splintercell1998" -epicuserid=87ef0742539046bbb05dc7a8b44c5f16 -epiclocale=en
LogInit: Base Directory: D:/installed software/UE 4.20/UE_4.20/Engine/Binaries/Win64/
LogInit: Installed Engine Build: 1
LogDevObjectVersion: Number of dev versions registered: 20
LogDevObjectVersion:   Dev-Blueprints (B0D832E4-1F89-4F0D-ACCF-7EB736FD4AA2): 10
LogDevObjectVersion:   Dev-Build (E1C64328-A22C-4D53-A36C-8E866417BD8C): 0
LogDevObjectVersion:   Dev-Core (375EC13C-06E4-48FB-B500-84F0262A717E): 2
LogDevObjectVersion:   Dev-Editor (E4B068ED-F494-42E9-A231-DA0B2E46BB41): 24
LogDevObjectVersion:   Dev-Framework (CFFC743F-43B0-4480-9391-14DF171D2073): 34
LogDevObjectVersion:   Dev-Mobile (B02B49B5-BB20-44E9-A304-32B752E40360): 2
LogDevObjectVersion:   Dev-Networking (A4E4105C-59A1-49B5-A7C5-40C4547EDFEE): 0
LogDevObjectVersion:   Dev-Online (39C831C9-5AE6-47DC-9A44-9C173E1C8E7C): 0
LogDevObjectVersion:   Dev-Physics (78F01B33-EBEA-4F98-B9B4-84EACCB95AA2): 0
LogDevObjectVersion:   Dev-Platform (6631380F-2D4D-43E0-8009-CF276956A95A): 0
LogDevObjectVersion:   Dev-Rendering (12F88B9F-8875-4AFC-A67C-D90C383ABD29): 26
LogDevObjectVersion:   Dev-Sequencer (7B5AE74C-D270-4C10-A958-57980B212A5A): 9
LogDevObjectVersion:   Dev-VR (D7296918-1DD6-4BDD-9DE2-64A83CC13884): 2
LogDevObjectVersion:   Dev-LoadTimes (C2A15278-BFE7-4AFE-6C17-90FF531DF755): 1
LogDevObjectVersion:   Private-Geometry (6EACA3D4-40EC-4CC1-B786-8BED09428FC5): 3
LogDevObjectVersion:   Dev-AnimPhys (29E575DD-E0A3-4627-9D10-D276232CDCEA): 17
LogDevObjectVersion:   Dev-ReflectionCapture (6B266CEC-1EC7-4B8F-A30B-E4D90942FC07): 1
LogDevObjectVersion:   Dev-Automation (0DF73D61-A23F-47EA-B727-89E90C41499A): 1
LogDevObjectVersion:   FortniteMain (601D1886-AC64-4F84-AA16-D3DE0DEAC7D6): 12
LogDevObjectVersion:   Dev-Enterprise (9DFFBCD6-494F-0158-E221-12823C92A888): 1
LogStreaming: Display: Took  0.201s to delete old logs.
LogInit: Presizing for max 8388607 objects, including 0 objects not considered by GC, pre-allocating 0 bytes for permanent pool.
LogInit: Object subsystem initialized
[2020.07.19-04.45.43:115][  0]LogInit: Selected Device Profile: [Windows]
[2020.07.19-04.45.43:115][  0]LogInit: Applying CVar settings loaded from the selected device profile: [Windows]
[2020.07.19-04.45.43:285][  0]LogHAL: Display: Platform has ~ 16 GB [16963051520 / 17179869184 / 16], which maps to Larger [LargestMinGB=32, LargerMinGB=12, DefaultMinGB=8, SmallerMinGB=6, SmallestMinGB=0)
[2020.07.19-04.45.43:285][  0]LogInit: Setting Device Profile CVar: [[r.Vulkan.UseRealUBs:1]]
[2020.07.19-04.45.43:285][  0]LogInit: Going up to parent DeviceProfile []
[2020.07.19-04.45.43:285][  0]LogInit: Computer: DESKTOP-L925KKH
[2020.07.19-04.45.43:285][  0]LogInit: User: rajan
[2020.07.19-04.45.43:285][  0]LogInit: CPU Page size=4096, Cores=6
[2020.07.19-04.45.43:285][  0]LogInit: High frequency timer resolution =10.000000 MHz
[2020.07.19-04.45.43:285][  0]LogMemory: Memory total: Physical=15.8GB (16GB approx)
[2020.07.19-04.45.43:285][  0]LogMemory: Platform Memory Stats for Windows
[2020.07.19-04.45.43:285][  0]LogMemory: Process Physical Memory: 103.15 MB used, 103.16 MB peak
[2020.07.19-04.45.43:285][  0]LogMemory: Process Virtual Memory: 96.29 MB used, 96.29 MB peak
[2020.07.19-04.45.43:285][  0]LogMemory: Physical Memory: 8406.27 MB used,  7770.95 MB free, 16177.23 MB total
[2020.07.19-04.45.43:285][  0]LogMemory: Virtual Memory: 4651.23 MB used,  7770.95 MB free, 134217728.00 MB total
[2020.07.19-04.45.43:320][  0]LogInit: Using OS detected language (en-US).
[2020.07.19-04.45.43:320][  0]LogInit: Using OS detected locale (en-US).
[2020.07.19-04.45.43:321][  0]LogTextLocalizationManager: No specific localization for 'en-US' exists, so the 'en' localization will be used.
[2020.07.19-04.45.43:643][  0]LogStreaming: Display: Took  0.323s to InitEngineTextLocalization.
[2020.07.19-04.45.43:643][  0]LogInit: Setting process to per monitor DPI aware
[2020.07.19-04.45.43:665][  0]LogSlate: New Slate User Created.  User Index 0, Is Virtual User: 0
[2020.07.19-04.45.43:665][  0]LogSlate: Slate User Registered.  User Index 0, Is Virtual User: 0
[2020.07.19-04.45.43:875][  0]LogHMD: Failed to initialize OpenVR with code 110
[2020.07.19-04.45.43:875][  0]LogD3D11RHI: D3D11 adapters:
[2020.07.19-04.45.43:957][  0]LogD3D11RHI:    0. 'NVIDIA GeForce GTX 1060 with Max-Q Design' (Feature Level 11_0)
[2020.07.19-04.45.43:957][  0]LogD3D11RHI:       6052/0/8088 MB DedicatedVideo/DedicatedSystem/SharedSystem, Outputs:1, VendorId:0x10de
[2020.07.19-04.45.43:977][  0]LogD3D11RHI:    1. 'Intel(R) UHD Graphics 630' (Feature Level 11_0)
[2020.07.19-04.45.43:977][  0]LogD3D11RHI:       128/0/8088 MB DedicatedVideo/DedicatedSystem/SharedSystem, Outputs:0, VendorId:0x8086
[2020.07.19-04.45.43:979][  0]LogD3D11RHI:    2. 'Microsoft Basic Render Driver' (Feature Level 11_0)
[2020.07.19-04.45.43:979][  0]LogD3D11RHI:       0/0/8088 MB DedicatedVideo/DedicatedSystem/SharedSystem, Outputs:0, VendorId:0x1414
[2020.07.19-04.45.43:979][  0]LogD3D11RHI: Chosen D3D11 Adapter: 0
[2020.07.19-04.45.44:011][  0]LogD3D11RHI: Creating new Direct3DDevice
[2020.07.19-04.45.44:011][  0]LogD3D11RHI:     GPU DeviceId: 0x1c20 (for the marketing name, search the web for "GPU Device Id")
[2020.07.19-04.45.44:011][  0]LogWindows: EnumDisplayDevices:
[2020.07.19-04.45.44:011][  0]LogWindows:    0. 'Intel(R) UHD Graphics 630' (P:1 D:1)
[2020.07.19-04.45.44:012][  0]LogWindows:    1. 'Intel(R) UHD Graphics 630' (P:0 D:0)
[2020.07.19-04.45.44:012][  0]LogWindows:    2. 'Intel(R) UHD Graphics 630' (P:0 D:0)
[2020.07.19-04.45.44:012][  0]LogWindows:    3. 'NVIDIA GeForce GTX 1060 with Max-Q Design' (P:0 D:0)
[2020.07.19-04.45.44:012][  0]LogWindows: DebugString: PrimaryIsNotTheChoosenAdapter PrimaryIsNotTheChoosenAdapter PrimaryIsNotTheChoosenAdapter 
[2020.07.19-04.45.44:012][  0]LogD3D11RHI:     Adapter Name: NVIDIA GeForce GTX 1060 with Max-Q Design
[2020.07.19-04.45.44:012][  0]LogD3D11RHI:   Driver Version: 451.48 (internal:27.21.14.5148, unified:451.48)
[2020.07.19-04.45.44:012][  0]LogD3D11RHI:      Driver Date: 6-21-2020
[2020.07.19-04.45.44:012][  0]LogRHI: Texture pool is 4236 MB (70% of 6052 MB)
[2020.07.19-04.45.44:062][  0]LogD3D11RHI: Async texture creation enabled
[2020.07.19-04.45.44:079][  0]LogD3D11RHI: GPU Timing Frequency: 1000.000000 (Debug: 2 1)
[2020.07.19-04.45.44:080][  0]LogShaderCompilers: Guid format shader working directory is 0 characters bigger than the processId version (../../../../../../unreal engine/2d/UE 4.20/Try/Intermediate/Shaders/WorkingDirectory/8112/).
[2020.07.19-04.45.44:081][  0]LogShaderCompilers: Cleaned the shader compiler working directory 'C:/Users/rajan/AppData/Local/Temp/UnrealShaderWorkingDir/1ACCC6E84E4C2A3D6442C487F2BF194F/'.
[2020.07.19-04.45.44:361][  0]LogTemp: Display: Loaded TP AllDesktopTargetPlatform
[2020.07.19-04.45.44:378][  0]LogTemp: Display: Loaded TP MacClientTargetPlatform
[2020.07.19-04.45.44:390][  0]LogTemp: Display: Loaded TP MacNoEditorTargetPlatform
[2020.07.19-04.45.44:403][  0]LogTemp: Display: Loaded TP MacServerTargetPlatform
[2020.07.19-04.45.44:420][  0]LogTemp: Display: Loaded TP MacTargetPlatform
[2020.07.19-04.45.44:433][  0]LogTemp: Display: Loaded TP WindowsClientTargetPlatform
[2020.07.19-04.45.44:446][  0]LogTemp: Display: Loaded TP WindowsNoEditorTargetPlatform
[2020.07.19-04.45.44:460][  0]LogTemp: Display: Loaded TP WindowsServerTargetPlatform
[2020.07.19-04.45.44:466][  0]LogTemp: Display: Loaded TP WindowsTargetPlatform
[2020.07.19-04.45.44:538][  0]LogTemp: Display: Loaded TP AndroidTargetPlatform
[2020.07.19-04.45.44:538][  0]LogTemp: Display: Loaded TP AndroidTargetPlatform
[2020.07.19-04.45.44:538][  0]LogTemp: Display: Loaded TP AndroidTargetPlatform
[2020.07.19-04.45.44:538][  0]LogTemp: Display: Loaded TP AndroidTargetPlatform
[2020.07.19-04.45.44:538][  0]LogTemp: Display: Loaded TP AndroidTargetPlatform
[2020.07.19-04.45.44:538][  0]LogTemp: Display: Loaded TP AndroidTargetPlatform
[2020.07.19-04.45.44:538][  0]LogTemp: Display: Loaded TP AndroidTargetPlatform
[2020.07.19-04.45.44:538][  0]LogTemp: Display: Loaded TP AndroidTargetPlatform
[2020.07.19-04.45.44:538][  0]LogTemp: Display: Loaded TP AndroidTargetPlatform
[2020.07.19-04.45.44:538][  0]LogTemp: Display: Loaded TP AndroidTargetPlatform
[2020.07.19-04.45.44:538][  0]LogTemp: Display: Loaded TP AndroidTargetPlatform
[2020.07.19-04.45.44:538][  0]LogTemp: Display: Loaded TP AndroidTargetPlatform
[2020.07.19-04.45.44:538][  0]LogTemp: Display: Loaded TP AndroidTargetPlatform
[2020.07.19-04.45.44:538][  0]LogTemp: Display: Loaded TP AndroidTargetPlatform
[2020.07.19-04.45.44:538][  0]LogTemp: Display: Loaded TP AndroidTargetPlatform
[2020.07.19-04.45.44:538][  0]LogTemp: Display: Loaded TP AndroidTargetPlatform
[2020.07.19-04.45.44:538][  0]LogTemp: Display: Loaded TP AndroidTargetPlatform
[2020.07.19-04.45.44:538][  0]LogTemp: Display: Loaded TP AndroidTargetPlatform
[2020.07.19-04.45.44:540][  0]LogTemp: Display: Loaded TP HTML5TargetPlatform
[2020.07.19-04.45.44:600][  0]LogTemp: Display: Loaded TP IOSTargetPlatform
[2020.07.19-04.45.44:600][  0]LogTemp: Display: Loaded TP IOSTargetPlatform
[2020.07.19-04.45.44:624][  0]LogTemp: Display: Loaded TP TVOSTargetPlatform
[2020.07.19-04.45.44:624][  0]LogTemp: Display: Loaded TP TVOSTargetPlatform
[2020.07.19-04.45.44:637][  0]LogTemp: Display: Loaded TP LinuxClientTargetPlatform
[2020.07.19-04.45.44:652][  0]LogTemp: Display: Loaded TP LinuxNoEditorTargetPlatform
[2020.07.19-04.45.44:665][  0]LogTemp: Display: Loaded TP LinuxServerTargetPlatform
[2020.07.19-04.45.44:678][  0]LogTemp: Display: Loaded TP LinuxTargetPlatform
[2020.07.19-04.45.44:687][  0]LogTemp: Display: Loaded TP LuminTargetPlatform
[2020.07.19-04.45.44:687][  0]LogTargetPlatformManager: Display: Building Assets For Windows
[2020.07.19-04.45.44:752][  0]LogXGEController: Cannot use XGE Controller as Incredibuild is not installed on this machine.
[2020.07.19-04.45.44:752][  0]LogShaderCompilers: Cannot use XGE Shader Compiler as Incredibuild is not installed on this machine.
[2020.07.19-04.45.44:752][  0]LogShaderCompilers: Display: Using Local Shader Compiler.
[2020.07.19-04.45.45:443][  0]LogDerivedDataCache: Display: Max Cache Size: 512 MB
[2020.07.19-04.45.45:498][  0]LogDerivedDataCache: Loaded boot cache 0.05s 71MB C:/Users/rajan/AppData/Local/UnrealEngine/4.20/DerivedDataCache/Boot.ddc.
[2020.07.19-04.45.45:498][  0]LogDerivedDataCache: Display: Loaded Boot cache: C:/Users/rajan/AppData/Local/UnrealEngine/4.20/DerivedDataCache/Boot.ddc
[2020.07.19-04.45.45:499][  0]LogDerivedDataCache: FDerivedDataBackendGraph:  Pak pak cache file ../../../../../../unreal engine/2d/UE 4.20/Try/DerivedDataCache/DDC.ddp not found, will not use a pak cache.
[2020.07.19-04.45.45:499][  0]LogDerivedDataCache: Unable to find inner node Pak for hierarchical cache Hierarchy.
[2020.07.19-04.45.45:499][  0]LogDerivedDataCache: FDerivedDataBackendGraph:  CompressedPak pak cache file ../../../../../../unreal engine/2d/UE 4.20/Try/DerivedDataCache/Compressed.ddp not found, will not use a pak cache.
[2020.07.19-04.45.45:499][  0]LogDerivedDataCache: Unable to find inner node CompressedPak for hierarchical cache Hierarchy.
[2020.07.19-04.45.45:514][  0]LogDerivedDataCache: Display: Pak cache opened for reading ../../../Engine/DerivedDataCache/Compressed.ddp.
[2020.07.19-04.45.45:526][  0]LogDerivedDataCache: Using Local data cache path C:/Users/rajan/AppData/Local/UnrealEngine/Common/DerivedDataCache: Writable
[2020.07.19-04.45.45:526][  0]LogDerivedDataCache: Shared data cache path not found in *engine.ini, will not use an Shared cache.
[2020.07.19-04.45.45:526][  0]LogDerivedDataCache: Unable to find inner node Shared for hierarchical cache Hierarchy.
[2020.07.19-04.45.45:543][  0]LogMaterial: Verifying Global Shaders for PCD3D_SM5
[2020.07.19-04.45.45:545][  0]LogSlate: Using FreeType 2.6.0
[2020.07.19-04.45.45:545][  0]LogSlate: SlateFontServices - WITH_FREETYPE: 1, WITH_HARFBUZZ: 1
[2020.07.19-04.45.45:621][  0]LogAssetRegistry: FAssetRegistry took 0.0258 seconds to start up
[2020.07.19-04.45.45:880][  0]LogInit: Selected Device Profile: [Windows]
[2020.07.19-04.45.45:999][  0]LogSimplygon: Simplygon DLL not present - disabling.
[2020.07.19-04.45.46:004][  0]LogMeshReduction: Using SimplygonSwarm for distributed automatic mesh merging
[2020.07.19-04.45.46:004][  0]LogMeshReduction: Using ProxyLODMeshReduction for automatic mesh merging
[2020.07.19-04.45.46:004][  0]LogMeshReduction: Using QuadricMeshReduction for automatic static mesh reduction
[2020.07.19-04.45.46:004][  0]LogMeshReduction: No automatic skeletal mesh reduction module available
[2020.07.19-04.45.46:020][  0]LogNetVersion: Try 1.0.0, NetCL: 4212847, EngineNetVer: 5, GameNetVer: 0 (Checksum: 2687831774)
[2020.07.19-04.45.47:117][  0]LogPackageLocalizationCache: Processed 11 localized package path(s) for 2 prioritized culture(s) in 0.671669 seconds
[2020.07.19-04.45.47:123][  0]LogUObjectArray: 38425 objects as part of root set at end of initial load.
[2020.07.19-04.45.47:123][  0]LogUObjectAllocator: 6690872 out of 0 bytes used by permanent object pool.
[2020.07.19-04.45.47:123][  0]LogUObjectArray: CloseDisregardForGC: 0/0 objects in disregard for GC pool
[2020.07.19-04.45.49:169][  0]LogTcpMessaging: Initializing TcpMessaging bridge
[2020.07.19-04.45.49:183][  0]LogUdpMessaging: Initializing bridge on interface 0.0.0.0:0 to multicast group 230.0.0.1:6666.
[2020.07.19-04.45.49:600][  0]SourceControl: Source control is disabled
[2020.07.19-04.45.49:600][  0]SourceControl: Source control is disabled
[2020.07.19-04.45.49:603][  0]SourceControl: Source control is disabled
[2020.07.19-04.45.49:605][  0]SourceControl: Source control is disabled
[2020.07.19-04.45.50:374][  0]LogAndroidPermission: UAndroidPermissionCallbackProxy::GetInstance
[2020.07.19-04.45.50:431][  0]LogOcInput: OculusInput pre-init called
[2020.07.19-04.45.50:486][  0]LogEngine: Initializing Engine...
[2020.07.19-04.45.50:487][  0]LogHMD: Failed to initialize OpenVR with code 110
[2020.07.19-04.45.50:488][  0]LogStats: UGameplayTagsManager::ConstructGameplayTagTree: ImportINI prefixes -  0.000 s
[2020.07.19-04.45.50:488][  0]LogStats: UGameplayTagsManager::ConstructGameplayTagTree: Construct from data asset -  0.000 s
[2020.07.19-04.45.50:489][  0]LogStats: UGameplayTagsManager::ConstructGameplayTagTree: ImportINI -  0.000 s
[2020.07.19-04.45.50:489][  0]LogStats: UGameplayTagsManager::ConstructGameplayTagTree: GameplayTagTreeChangedEvent.Broadcast -  0.000 s
[2020.07.19-04.45.50:663][  0]LogInit: Initializing FReadOnlyCVARCache
[2020.07.19-04.45.50:674][  0]LogAIModule: Creating AISystem for world Untitled
[2020.07.19-04.45.50:694][  0]LogInit: XAudio2 using 'Speakers/Headphones (Realtek(R) Audio)' : 2 channels at 48 kHz using 32 bits per sample (channel mask 0x3)
[2020.07.19-04.45.50:746][  0]LogInit: FAudioDevice initialized.
[2020.07.19-04.45.50:746][  0]LogNetVersion: Set ProjectVersion to 1.0.0.0. Version Checksum will be recalculated on next use.
[2020.07.19-04.45.50:824][  0]LogDerivedDataCache: Saved boot cache 0.08s 71MB C:/Users/rajan/AppData/Local/UnrealEngine/4.20/DerivedDataCache/Boot.ddc.
[2020.07.19-04.45.50:827][  0]LogInit: Texture streaming: Enabled
[2020.07.19-04.45.50:844][  0]LogEngineSessionManager: EngineSessionManager initialized
[2020.07.19-04.45.50:855][  0]LogInit: Transaction tracking system initialized
[2020.07.19-04.45.50:874][  0]BlueprintLog: New page: Editor Load
[2020.07.19-04.45.51:302][  0]LocalizationService: Localization service is disabled
[2020.07.19-04.45.52:299][  0]LogCook: Display: Max memory allowance for cook 16384mb min free memory 0mb
[2020.07.19-04.45.52:300][  0]LogCook: Display: Mobile HDR setting 1
[2020.07.19-04.45.52:300][  0]LogGameplayTags: Display: UGameplayTagsManager::DoneAddingNativeTags. DelegateIsBound: 0
[2020.07.19-04.45.52:300][  0]LogStats: UGameplayTagsManager::ConstructGameplayTagTree: ImportINI prefixes -  0.000 s
[2020.07.19-04.45.52:300][  0]LogStats: UGameplayTagsManager::ConstructGameplayTagTree: Construct from data asset -  0.000 s
[2020.07.19-04.45.52:300][  0]LogStats: UGameplayTagsManager::ConstructGameplayTagTree: ImportINI -  0.000 s
[2020.07.19-04.45.52:300][  0]LogStats: UGameplayTagsManager::ConstructGameplayTagTree: GameplayTagTreeChangedEvent.Broadcast -  0.000 s
[2020.07.19-04.45.52:414][  0]SourceControl: Source control is disabled
[2020.07.19-04.45.52:415][  0]Cmd: MAP LOAD FILE="../../../../../../unreal engine/2d/UE 4.20/Try/Content/Demo/Maps/level_00.umap" TEMPLATE=0 SHOWPROGRESS=1 FEATURELEVEL=3
[2020.07.19-04.45.52:502][  0]LightingResults: New page: Lighting Build
[2020.07.19-04.45.52:504][  0]MapCheck: New page: Map Check
[2020.07.19-04.45.52:504][  0]LightingResults: New page: Lighting Build
[2020.07.19-04.45.56:316][  0]LogFileCache: Scanning file cache for directory 'D:/unreal engine/2d/UE 4.20/Try/Content/' took 3.98s
[2020.07.19-04.47.07:384][  0]LogAIModule: Creating AISystem for world level_00
[2020.07.19-04.47.09:518][  0]LogEditorServer: Finished looking for orphan Actors (0.000 secs)
[2020.07.19-04.47.09:558][  0]Cmd: MAP CHECKDEP NOCLEARLOG
[2020.07.19-04.47.09:650][  0]MapCheck: Map check complete: 0 Error(s), 0 Warning(s), took 90.872ms to complete.
[2020.07.19-04.47.09:650][  0]LogFileHelpers: Loading map 'level_00' took 77.235
[2020.07.19-04.47.13:814][  0]LogSlate: Updating window title bar state: overlay mode, drag disabled, window buttons hidden, title bar hidden
[2020.07.19-04.47.13:829][  0]LogSlate: Updating window title bar state: overlay mode, drag disabled, window buttons hidden, title bar hidden
[2020.07.19-04.47.13:837][  0]LogSlate: Updating window title bar state: overlay mode, drag disabled, window buttons hidden, title bar hidden
[2020.07.19-04.47.13:846][  0]LogSlate: Updating window title bar state: overlay mode, drag disabled, window buttons hidden, title bar hidden
[2020.07.19-04.47.13:982][  0]LogCollectionManager: Loaded 0 collections in 0.022766 seconds
[2020.07.19-04.47.14:205][  0]LogFileCache: Scanning file cache for directory 'D:/unreal engine/2d/UE 4.20/Try/Saved/Collections/' took 0.01s
[2020.07.19-04.47.14:205][  0]LogFileCache: Scanning file cache for directory 'D:/unreal engine/2d/UE 4.20/Try/Content/Developers/rajan/Collections/' took 0.01s
[2020.07.19-04.47.14:205][  0]LogFileCache: Scanning file cache for directory 'D:/unreal engine/2d/UE 4.20/Try/Content/Collections/' took 0.01s
[2020.07.19-04.47.14:205][  0]LogCollectionManager: Rebuilt the GUID cache for 0 collections in 0.000000 seconds
[2020.07.19-04.47.14:220][  0]LogContentBrowser: Native class hierarchy populated in 0.0104 seconds. Added 2572 classes and 603 folders.
[2020.07.19-04.47.14:405][  0]LogContentBrowser: Native class hierarchy updated for 'WidgetCarousel' in 0.0002 seconds. Added 0 classes and 0 folders.
[2020.07.19-04.47.17:831][  0]LogContentBrowser: Native class hierarchy updated for 'AddContentDialog' in 0.0003 seconds. Added 0 classes and 0 folders.
[2020.07.19-04.47.17:975][  0]LogContentBrowser: Native class hierarchy updated for 'SceneOutliner' in 0.0002 seconds. Added 1 classes and 2 folders.
[2020.07.19-04.47.28:177][  0]LogTemp: Executing iPhonePackager certificates Engine -bundlename com.YourCompany.Try
[2020.07.19-04.47.28:177][  0]LogTemp: CWD: D:\installed software\UE 4.20\UE_4.20\Engine\Binaries\DotNET\IOS
[2020.07.19-04.47.28:177][  0]LogTemp: Initial Dir: D:\installed software\UE 4.20\UE_4.20
[2020.07.19-04.47.28:177][  0]LogTemp: Env CWD: D:\installed software\UE 4.20\UE_4.20\Engine\Binaries\DotNET\IOS
[2020.07.19-04.47.28:177][  0]LogTemp: BranchPath = DESKTOP-L925KKH/D/installed software/UE 4.20/UE_4.20/Engine/Binaries --- GameBranchPath = DESKTOP-L925KKH/D/installed software/UE 4.20/UE_4.20/Engine/Binaries
[2020.07.19-04.47.28:177][  0]LogTemp: IPP ERROR: Could not find provision directory 'C:\Users\rajan\AppData\Local/Apple Computer/MobileDevice/Provisioning Profiles/'.
[2020.07.19-04.47.28:177][  0]LogSlate: Only BGRA pngs, bmps or icos are supported in by External Image Picker
[2020.07.19-04.47.32:488][  0]LogContentBrowser: Native class hierarchy updated for 'HierarchicalLODOutliner' in 0.0002 seconds. Added 0 classes and 0 folders.
[2020.07.19-04.47.32:488][  0]LogLoad: (Engine Initialization) Total time: 114.47 seconds
[2020.07.19-04.47.32:488][  0]LogLoad: (Engine Initialization) Total Blueprint compile time: 0.00 seconds
[2020.07.19-04.47.33:709][  0]LogRenderer: Reallocating scene render targets to support 64x64 Format 10 NumSamples 1 (Frame:1).
[2020.07.19-04.47.33:709][  0]LogContentStreaming: Texture pool size now 1000 MB
[2020.07.19-04.47.33:728][  0]LogSlate: Took 0.000145 seconds to synchronously load lazily loaded font '../../../Engine/Content/Slate/Fonts/Roboto-Regular.ttf' (155K)
[2020.07.19-04.47.33:729][  0]LogSlate: Took 0.000118 seconds to synchronously load lazily loaded font '../../../Engine/Content/Slate/Fonts/Roboto-Bold.ttf' (160K)
[2020.07.19-04.47.34:027][  0]LogSlate: Took 0.105391 seconds to synchronously load lazily loaded font '../../../Engine/Content/Editor/Slate/Fonts/FontAwesome.ttf' (139K)
[2020.07.19-04.47.35:533][  0]LogRenderer: Reallocating scene render targets to support 668x324 Format 10 NumSamples 1 (Frame:1).
[2020.07.19-04.47.37:363][  1]LogSlate: Took 0.352341 seconds to synchronously load lazily loaded font '../../../Engine/Content/Slate/Fonts/Roboto-Light.ttf' (167K)
[2020.07.19-04.47.38:022][  2]LogAssetRegistry: Asset discovery search completed in 112.4233 seconds
[2020.07.19-04.47.38:023][  2]LogCollectionManager: Rebuilt the object cache for 0 collections in 0.000000 seconds (found 0 objects)
[2020.07.19-04.47.38:023][  2]LogCollectionManager: Fixed up redirectors for 0 collections in 0.000046 seconds (updated 0 objects)
[2020.07.19-04.47.38:037][  2]LogSlate: Took 0.000159 seconds to synchronously load lazily loaded font '../../../Engine/Content/Slate/Fonts/Roboto-Light.ttf' (167K)
[2020.07.19-04.47.44:291][112]LogSlate: FSceneViewport::OnFocusLost() reason 0
[2020.07.19-04.47.50:261][465]LogSlate: FSceneViewport::OnFocusLost() reason 0
[2020.07.19-04.49.12:264][521]LogSlate: FSceneViewport::OnFocusLost() reason 0
[2020.07.19-04.49.15:479][703]LogAssetEditorManager: Opening Asset editor for Blueprint /Game/Demo/Blueprint/BP_Kunai.BP_Kunai
[2020.07.19-04.49.16:506][703]LogContentBrowser: Native class hierarchy updated for 'BlueprintGraph' in 0.0010 seconds. Added 116 classes and 0 folders.
[2020.07.19-04.49.18:634][703]LogSlate: Took 0.024801 seconds to synchronously load lazily loaded font '../../../Engine/Content/Slate/Fonts/Roboto-BoldCondensed.ttf' (158K)
[2020.07.19-04.49.18:834][704]LogSlate: Took 0.001491 seconds to synchronously load lazily loaded font '../../../Engine/Content/Slate/Fonts/Roboto-Italic.ttf' (157K)
[2020.07.19-05.49.00:772][775]LogAssetEditorManager: Opening Asset editor for Blueprint /Game/Demo/Blueprint/Demon/BP_Enemy.BP_Enemy
[2020.07.19-05.49.06:226][861]LogRenderer: Reallocating scene render targets to support 668x448 Format 10 NumSamples 1 (Frame:1).
[2020.07.19-05.51.08:164][548]LogRenderer: Reallocating scene render targets to support 668x696 Format 10 NumSamples 1 (Frame:1240).
[2020.07.19-05.51.55:079][444]BlueprintLog: New page: Compile BP_Enemy
[2020.07.19-05.51.56:268][478]Cmd: OBJ SAVEPACKAGE PACKAGE="/Game/Demo/Blueprint/Demon/BP_Enemy" FILE="../../../../../../unreal engine/2d/UE 4.20/Try/Content/Demo/Blueprint/Demon/BP_Enemy.uasset" SILENT=true
[2020.07.19-05.51.57:630][478]LogSavePackage: Moving '../../../../../../unreal engine/2d/UE 4.20/Try/Saved/BP_EnemyF5745CA645AD42A646BC299257C093C7.tmp' to '../../../../../../unreal engine/2d/UE 4.20/Try/Content/Demo/Blueprint/Demon/BP_Enemy.uasset'
[2020.07.19-05.52.31:199][ 63]Cmd: OBJ SAVEPACKAGE PACKAGE="/Game/Demo/Maps/level_00" FILE="../../../../../../unreal engine/2d/UE 4.20/Try/Saved/Autosaves/Game/Demo/Maps/level_00_Auto1.umap" SILENT=true AUTOSAVING=true KEEPDIRTY=false
[2020.07.19-05.52.31:567][ 63]LogSavePackage: Moving '../../../../../../unreal engine/2d/UE 4.20/Try/Saved/level_00_Auto16EE353864D7DEE8F448BAC82E2A60574.tmp' to '../../../../../../unreal engine/2d/UE 4.20/Try/Saved/Autosaves/Game/Demo/Maps/level_00_Auto1.umap'
[2020.07.19-05.52.31:592][ 63]LogFileHelpers: Editor autosave (incl. sublevels) for '/Game/Demo/Maps/level_00' took 0.521
[2020.07.19-05.52.31:592][ 63]LogFileHelpers: Editor autosave (incl. sublevels) for all levels took 0.521
[2020.07.19-05.58.14:275][349]Cmd: OBJ SAVEPACKAGE PACKAGE="/Game/Demo/Maps/level_00" FILE="../../../../../../unreal engine/2d/UE 4.20/Try/Content/Demo/Maps/level_00.umap" SILENT=true AUTOSAVING=false KEEPDIRTY=false
[2020.07.19-05.58.14:682][349]LogSavePackage: Moving '../../../../../../unreal engine/2d/UE 4.20/Try/Saved/level_0022F11DC74AA7DF4AB0B7A9B25BFAF5F6.tmp' to '../../../../../../unreal engine/2d/UE 4.20/Try/Content/Demo/Maps/level_00.umap'
[2020.07.19-05.58.14:830][349]Cmd: OBJ SAVEPACKAGE PACKAGE="/Game/Demo/Maps/level_00_BuiltData" FILE="../../../../../../unreal engine/2d/UE 4.20/Try/Content/Demo/Maps/level_00_BuiltData.uasset" SILENT=true
[2020.07.19-05.58.14:851][349]LogSavePackage: Moving '../../../../../../unreal engine/2d/UE 4.20/Try/Saved/level_00_BuiltDataDA23958D46C6BCF35B8FBDB43D89FCE8.tmp' to '../../../../../../unreal engine/2d/UE 4.20/Try/Content/Demo/Maps/level_00_BuiltData.uasset'
[2020.07.19-05.58.21:414][742]LogAssetEditorManager: Opening Asset editor for Blueprint /Game/Demo/Blueprint/Traps/BP_explode.BP_explode
[2020.07.19-05.59.18:481][373]LogAssetEditorManager: Opening Asset editor for Blueprint /Game/Demo/Blueprint/Traps/BP_Shuriken.BP_Shuriken
[2020.07.19-06.42.28:296][ 81]LogRenderer: Reallocating scene render targets to support 684x696 Format 10 NumSamples 1 (Frame:1392).
[2020.07.19-06.43.43:932][102]LogSlate: FSceneViewport::OnFocusLost() reason 0
[2020.07.19-07.01.18:404][325]LogSlate: FSceneViewport::OnFocusLost() reason 0
[2020.07.19-09.47.41:086][735]LogTemp: Repeating last play command: New Editor Window (PIE)
[2020.07.19-09.47.41:340][735]LogPlayLevel: PlayLevel: No blueprints needed recompiling
[2020.07.19-09.47.41:501][735]PIE: New page: PIE session: level_00 (Jul 19, 2020, 9:17:41 PM)
[2020.07.19-09.47.41:502][735]LogPlayLevel: Creating play world package: /Game/Demo/Maps/UEDPIE_0_level_00
[2020.07.19-09.47.41:681][735]LogPlayLevel: PIE: StaticDuplicateObject took: (0.178289s)
[2020.07.19-09.47.41:683][735]LogAIModule: Creating AISystem for world level_00
[2020.07.19-09.47.41:702][735]LogPlayLevel: PIE: World Init took: (0.020930s)
[2020.07.19-09.47.41:724][735]LogPlayLevel: PIE: Created PIE world by copying editor world from /Game/Demo/Maps/level_00.level_00 to /Game/Demo/Maps/UEDPIE_0_level_00.level_00 (0.221311s)
[2020.07.19-09.47.41:933][735]LogInit: XAudio2 using 'Speakers/Headphones (Realtek(R) Audio)' : 2 channels at 48 kHz using 32 bits per sample (channel mask 0x3)
[2020.07.19-09.47.41:943][735]LogInit: FAudioDevice initialized.
[2020.07.19-09.47.41:969][735]LogSlate: Updating window title bar state: overlay mode, drag disabled, window buttons hidden, title bar hidden
[2020.07.19-09.47.42:069][735]LogLoad: Game class is '2DSideScrollerGameMode_C'
[2020.07.19-09.47.42:140][735]LogWorld: Bringing World /Game/Demo/Maps/UEDPIE_0_level_00.level_00 up for play (max tick rate 60) at 2020.07.19-15.32.42
[2020.07.19-09.47.42:292][735]LogWorld: Bringing up level for play took: 0.197221
[2020.07.19-09.47.42:437][735]LogContentBrowser: Native class hierarchy updated for 'MovieSceneCapture' in 0.0012 seconds. Added 10 classes and 0 folders.
[2020.07.19-09.47.42:589][735]PIE: Play in editor start time for /Game/Demo/Maps/UEDPIE_0_level_00 1.859
[2020.07.19-09.47.42:771][735]LogRenderer: Reallocating scene render targets to support 1292x756 Format 10 NumSamples 1 (Frame:1).
[2020.07.19-09.47.42:966][736]LogCharacterMovement: Warning: GetSimulationTimeStep() - Max iterations 8 hit while remaining time 0.091537 > MaxSimulationTimeStep (0.050) for 'BP_Dude_C_0', movement 'Walking'
[2020.07.19-09.47.52:001][269]LogScript: Warning: Attempted to access BP_Enemy_3 via property NewVar_0, but BP_Enemy_3 is pending kill
	BP_Dude_C /Game/Demo/Maps/UEDPIE_0_level_00.level_00:PersistentLevel.BP_Dude_C_0
	Function /Game/Demo/Blueprint/BP_Dude.BP_Dude_C:ExecuteUbergraph_BP_Dude:02F0
[2020.07.19-09.47.52:002][269]PIE: Error: Blueprint Runtime Error: "Attempted to access BP_Enemy_3 via property NewVar_0, but BP_Enemy_3 is pending kill". Blueprint:  BP_Dude Function:  Execute Ubergraph BP Dude Graph:  EventGraph Node:  Set Hit
[2020.07.19-09.48.15:564][645]LogSlate: Updating window title bar state: overlay mode, drag disabled, window buttons hidden, title bar hidden
[2020.07.19-09.48.15:593][645]LogSlate: Window 'Try Game Preview Standalone (64-bit/PCD3D_SM5)' being destroyed
[2020.07.19-09.48.15:854][645]LogPlayLevel: Display: Shutting down PIE online subsystems
[2020.07.19-09.48.16:100][646]LogPlayLevel: Display: Destroying online subsystem :Context_6
[2020.07.19-09.48.25:439][171]LogAssetEditorManager: Opening Asset editor for Blueprint /Game/Demo/Blueprint/BP_Dude.BP_Dude
[2020.07.19-09.49.26:558][165]LogTemp: Repeating last play command: New Editor Window (PIE)
[2020.07.19-09.49.26:578][165]LogPlayLevel: PlayLevel: No blueprints needed recompiling
[2020.07.19-09.49.26:578][165]PIE: New page: PIE session: level_00 (Jul 19, 2020, 9:19:26 PM)
[2020.07.19-09.49.26:578][165]LogPlayLevel: Creating play world package: /Game/Demo/Maps/UEDPIE_0_level_00
[2020.07.19-09.49.26:599][165]LogPlayLevel: PIE: StaticDuplicateObject took: (0.020962s)
[2020.07.19-09.49.26:600][165]LogAIModule: Creating AISystem for world level_00
[2020.07.19-09.49.26:600][165]LogPlayLevel: PIE: World Init took: (0.000730s)
[2020.07.19-09.49.26:600][165]LogPlayLevel: PIE: Created PIE world by copying editor world from /Game/Demo/Maps/level_00.level_00 to /Game/Demo/Maps/UEDPIE_0_level_00.level_00 (0.021856s)
[2020.07.19-09.49.26:635][165]LogInit: XAudio2 using 'Speakers/Headphones (Realtek(R) Audio)' : 2 channels at 48 kHz using 32 bits per sample (channel mask 0x3)
[2020.07.19-09.49.26:641][165]LogInit: FAudioDevice initialized.
[2020.07.19-09.49.26:676][165]LogSlate: Updating window title bar state: overlay mode, drag disabled, window buttons hidden, title bar hidden
[2020.07.19-09.49.26:722][165]LogLoad: Game class is '2DSideScrollerGameMode_C'
[2020.07.19-09.49.26:742][165]LogWorld: Bringing World /Game/Demo/Maps/UEDPIE_0_level_00.level_00 up for play (max tick rate 60) at 2020.07.19-15.34.26
[2020.07.19-09.49.26:754][165]LogWorld: Bringing up level for play took: 0.030462
[2020.07.19-09.49.26:774][165]PIE: Play in editor start time for /Game/Demo/Maps/UEDPIE_0_level_00 0.044
[2020.07.19-09.49.26:943][166]LogCharacterMovement: Warning: GetSimulationTimeStep() - Max iterations 8 hit while remaining time 0.070834 > MaxSimulationTimeStep (0.050) for 'BP_Dude_C_0', movement 'Walking'
[2020.07.19-09.49.34:446][610]LogSlate: Updating window title bar state: overlay mode, drag disabled, window buttons hidden, title bar hidden
[2020.07.19-09.49.34:462][610]LogSlate: Window 'Try Game Preview Standalone (64-bit/PCD3D_SM5)' being destroyed
[2020.07.19-09.49.34:526][610]LogPlayLevel: Display: Shutting down PIE online subsystems
[2020.07.19-09.49.34:602][611]LogPlayLevel: Display: Destroying online subsystem :Context_8
[2020.07.19-09.49.57:126][259]LogActorComponent: UnregisterComponent: (/Engine/Transient.EditorFloorComp) Not registered. Aborting.
[2020.07.19-09.49.57:229][259]LogActorComponent: UnregisterComponent: (/Engine/Transient.EditorFloorComp) Not registered. Aborting.
[2020.07.19-09.49.57:312][259]LogActorComponent: UnregisterComponent: (/Engine/Transient.EditorFloorComp) Not registered. Aborting.
[2020.07.19-09.49.57:403][259]LogActorComponent: UnregisterComponent: (/Engine/Transient.EditorFloorComp) Not registered. Aborting.
[2020.07.19-09.49.57:455][259]LogSlate: Window 'Try - Unreal Editor' being destroyed
[2020.07.19-09.49.57:987][260]Cmd: QUIT_EDITOR
[2020.07.19-09.49.59:260][260]LogWindowsTextInputMethodSystem: Display: IME system now deactivated.
[2020.07.19-09.49.59:323][260]LogExit: Preparing to exit.
[2020.07.19-09.50.00:435][260]LogExit: Editor shut down
[2020.07.19-09.50.00:436][260]LogExit: Transaction tracking system shut down
[2020.07.19-09.50.02:578][260]LogExit: Object subsystem successfully closed.
[2020.07.19-09.50.02:760][260]LogShaderCompilers: Display: Shaders left to compile 0
[2020.07.19-09.50.02:780][260]LogD3D11RHI: Shutdown
[2020.07.19-09.50.02:780][260]LogD3D11RHI: CleanupD3DDevice
[2020.07.19-09.50.02:865][260]LogD3D11RHI: ~FD3D11DynamicRHI
[2020.07.19-09.50.04:520][260]LogModuleManager: Shutting down and abandoning module MovieSceneCapture (618)
[2020.07.19-09.50.04:520][260]LogModuleManager: Shutting down and abandoning module Voice (616)
[2020.07.19-09.50.04:521][260]LogModuleManager: Shutting down and abandoning module BlueprintGraph (614)
[2020.07.19-09.50.04:521][260]LogModuleManager: Shutting down and abandoning module HierarchicalLODOutliner (612)
[2020.07.19-09.50.04:522][260]LogModuleManager: Shutting down and abandoning module ExternalImagePicker (610)
[2020.07.19-09.50.04:522][260]LogModuleManager: Shutting down and abandoning module SceneOutliner (608)
[2020.07.19-09.50.04:522][260]LogModuleManager: Shutting down and abandoning module AddContentDialog (606)
[2020.07.19-09.50.04:541][260]LogModuleManager: Shutting down and abandoning module WidgetCarousel (605)
[2020.07.19-09.50.04:541][260]LogModuleManager: Shutting down and abandoning module EditorWidgets (602)
[2020.07.19-09.50.04:541][260]LogModuleManager: Shutting down and abandoning module CollectionManager (600)
[2020.07.19-09.50.04:564][260]LogModuleManager: Shutting down and abandoning module StatsViewer (598)
[2020.07.19-09.50.04:591][260]LogModuleManager: Shutting down and abandoning module FoliageEdit (596)
[2020.07.19-09.50.04:592][260]LogModuleManager: Shutting down and abandoning module LandscapeEditor (594)
[2020.07.19-09.50.04:594][260]LogModuleManager: Shutting down and abandoning module MeshPaintMode (592)
[2020.07.19-09.50.04:595][260]LogModuleManager: Shutting down and abandoning module SceneDepthPickerMode (590)
[2020.07.19-09.50.04:595][260]LogModuleManager: Shutting down and abandoning module ActorPickerMode (588)
[2020.07.19-09.50.04:595][260]LogModuleManager: Shutting down and abandoning module GeometryMode (586)
[2020.07.19-09.50.04:595][260]LogModuleManager: Shutting down and abandoning module TextureAlignMode (584)
[2020.07.19-09.50.04:595][260]LogModuleManager: Shutting down and abandoning module BspMode (582)
[2020.07.19-09.50.04:595][260]LogModuleManager: Shutting down and abandoning module PIEPreviewDeviceProfileSelector (580)
[2020.07.19-09.50.04:595][260]LogModuleManager: Shutting down and abandoning module SequenceRecorderSections (578)
[2020.07.19-09.50.04:620][260]LogModuleManager: Shutting down and abandoning module AutomationWorker (576)
[2020.07.19-09.50.04:620][260]LogModuleManager: Shutting down and abandoning module AudioCaptureEditor (574)
[2020.07.19-09.50.04:620][260]LogModuleManager: Shutting down and abandoning module SequenceRecorder (573)
[2020.07.19-09.50.04:632][260]LogModuleManager: Shutting down and abandoning module MatineeToLevelSequence (570)
[2020.07.19-09.50.04:673][260]LogModuleManager: Shutting down and abandoning module LevelSequenceEditor (568)
[2020.07.19-09.50.04:708][260]LogModuleManager: Shutting down and abandoning module PlacementMode (567)
[2020.07.19-09.50.04:709][260]LogModuleManager: Shutting down and abandoning module MaterialEditor (566)
[2020.07.19-09.50.04:761][260]LogModuleManager: Shutting down and abandoning module WmfMediaFactory (562)
[2020.07.19-09.50.04:761][260]LogModuleManager: Shutting down and abandoning module WmfMediaEditor (560)
[2020.07.19-09.50.04:761][260]LogModuleManager: Shutting down and abandoning module MediaPlayerEditor (558)
[2020.07.19-09.50.04:763][260]LogModuleManager: Shutting down and abandoning module OpenExrWrapper (556)
[2020.07.19-09.50.04:763][260]LogModuleManager: Shutting down and abandoning module ImgMediaFactory (554)
[2020.07.19-09.50.04:763][260]LogModuleManager: Shutting down and abandoning module ImgMediaEditor (552)
[2020.07.19-09.50.04:763][260]LogModuleManager: Shutting down and abandoning module AvfMediaFactory (550)
[2020.07.19-09.50.04:763][260]LogModuleManager: Shutting down and abandoning module AvfMediaEditor (548)
[2020.07.19-09.50.04:763][260]LogModuleManager: Shutting down and abandoning module AndroidMediaFactory (546)
[2020.07.19-09.50.04:763][260]LogModuleManager: Shutting down and abandoning module AndroidMediaEditor (544)
[2020.07.19-09.50.04:763][260]LogModuleManager: Shutting down and abandoning module MagicLeapCameraPreviewFactory (542)
[2020.07.19-09.50.04:763][260]LogModuleManager: Shutting down and abandoning module MagicLeapMediaFactory (540)
[2020.07.19-09.50.04:763][260]LogModuleManager: Shutting down and abandoning module MagicLeapMediaEditor (538)
[2020.07.19-09.50.04:763][260]LogModuleManager: Shutting down and abandoning module CharacterAI (536)
[2020.07.19-09.50.04:763][260]LogModuleManager: Shutting down and abandoning module SmartSnapping (534)
[2020.07.19-09.50.04:763][260]LogModuleManager: Shutting down and abandoning module SessionServices (532)
[2020.07.19-09.50.04:763][260]LogModuleManager: Shutting down and abandoning module ViewportSnapping (530)
[2020.07.19-09.50.04:763][260]LogModuleManager: Shutting down and abandoning module ViewportInteraction (528)
[2020.07.19-09.50.04:763][260]LogModuleManager: Shutting down and abandoning module ClothPainter (526)
[2020.07.19-09.50.04:775][260]LogModuleManager: Shutting down and abandoning module SkeletalMeshEditor (525)
[2020.07.19-09.50.04:777][260]LogModuleManager: Shutting down and abandoning module LogVisualizer (522)
[2020.07.19-09.50.04:793][260]LogModuleManager: Shutting down and abandoning module IntroTutorials (520)
[2020.07.19-09.50.04:830][260]LogModuleManager: Shutting down and abandoning module GameProjectGeneration (519)
[2020.07.19-09.50.04:831][260]LogModuleManager: Shutting down and abandoning module LuminPlatformEditor (516)
[2020.07.19-09.50.04:831][260]LogModuleManager: Shutting down and abandoning module IOSPlatformEditor (514)
[2020.07.19-09.50.04:831][260]LogModuleManager: Shutting down and abandoning module HTML5PlatformEditor (512)
[2020.07.19-09.50.04:831][260]LogModuleManager: Shutting down and abandoning module AndroidPlatformEditor (510)
[2020.07.19-09.50.04:831][260]LogModuleManager: Shutting down and abandoning module AndroidDeviceDetection (509)
[2020.07.19-09.50.05:704][260]LogModuleManager: Shutting down and abandoning module WindowsPlatformEditor (506)
[2020.07.19-09.50.05:704][260]LogModuleManager: Shutting down and abandoning module LuminRuntimeSettings (504)
[2020.07.19-09.50.05:704][260]LogModuleManager: Shutting down and abandoning module IOSRuntimeSettings (502)
[2020.07.19-09.50.05:704][260]LogModuleManager: Shutting down and abandoning module AndroidRuntimeSettings (500)
[2020.07.19-09.50.05:704][260]LogModuleManager: Shutting down and abandoning module InputBindingEditor (498)
[2020.07.19-09.50.05:705][260]LogModuleManager: Shutting down and abandoning module MergeActors (496)
[2020.07.19-09.50.05:706][260]LogModuleManager: Shutting down and abandoning module LocalizationDashboard (494)
[2020.07.19-09.50.05:737][260]LogModuleManager: Shutting down and abandoning module LocalizationService (493)
[2020.07.19-09.50.05:744][260]LogModuleManager: Shutting down and abandoning module HardwareTargeting (490)
[2020.07.19-09.50.05:744][260]LogModuleManager: Shutting down and abandoning module DeviceProfileEditor (488)
[2020.07.19-09.50.05:744][260]LogModuleManager: Shutting down and abandoning module UndoHistory (486)
[2020.07.19-09.50.05:744][260]LogModuleManager: Shutting down and abandoning module XmlParser (484)
[2020.07.19-09.50.05:745][260]LogModuleManager: Shutting down and abandoning module Blutility (482)
[2020.07.19-09.50.05:745][260]LogModuleManager: Shutting down and abandoning module ProjectSettingsViewer (480)
[2020.07.19-09.50.05:745][260]LogModuleManager: Shutting down and abandoning module ProjectTargetPlatformEditor (479)
[2020.07.19-09.50.05:745][260]LogModuleManager: Shutting down and abandoning module EditorSettingsViewer (476)
[2020.07.19-09.50.05:746][260]LogModuleManager: Shutting down and abandoning module SettingsEditor (474)
[2020.07.19-09.50.05:762][260]LogModuleManager: Shutting down and abandoning module ProjectLauncher (472)
[2020.07.19-09.50.05:782][260]LogModuleManager: Shutting down and abandoning module SessionFrontend (470)
[2020.07.19-09.50.05:803][260]LogModuleManager: Shutting down and abandoning module ProfilerClient (468)
[2020.07.19-09.50.05:803][260]LogModuleManager: Shutting down and abandoning module DeviceManager (466)
[2020.07.19-09.50.05:819][260]LogModuleManager: Shutting down and abandoning module TargetDeviceServices (465)
[2020.07.19-09.50.05:896][260]LogModuleManager: Shutting down and abandoning module AutomationController (462)
[2020.07.19-09.50.05:918][260]LogModuleManager: Shutting down and abandoning module AutomationWindow (460)
[2020.07.19-09.50.05:919][260]LogModuleManager: Shutting down and abandoning module Layers (458)
[2020.07.19-09.50.05:925][260]LogModuleManager: Shutting down and abandoning module ComponentVisualizers (456)
[2020.07.19-09.50.05:925][260]LogModuleManager: Shutting down and abandoning module DetailCustomizations (454)
[2020.07.19-09.50.05:939][260]LogModuleManager: Shutting down and abandoning module PackagesDialog (452)
[2020.07.19-09.50.05:940][260]LogModuleManager: Shutting down and abandoning module Persona (450)
[2020.07.19-09.50.05:958][260]LogModuleManager: Shutting down and abandoning module AdvancedPreviewScene (449)
[2020.07.19-09.50.05:958][260]LogModuleManager: Shutting down and abandoning module AnimGraph (447)
[2020.07.19-09.50.05:976][260]LogModuleManager: Shutting down and abandoning module Kismet (444)
[2020.07.19-09.50.05:981][260]LogModuleManager: Shutting down and abandoning module GraphEditor (442)
[2020.07.19-09.50.05:981][260]LogModuleManager: Shutting down and abandoning module ClassViewer (440)
[2020.07.19-09.50.05:981][260]LogModuleManager: Shutting down and abandoning module Toolbox (438)
[2020.07.19-09.50.05:981][260]LogModuleManager: Shutting down and abandoning module ModuleUI (436)
[2020.07.19-09.50.05:982][260]LogModuleManager: Shutting down and abandoning module MovieSceneTools (434)
[2020.07.19-09.50.05:983][260]LogModuleManager: Shutting down and abandoning module OutputLog (432)
[2020.07.19-09.50.05:996][260]LogModuleManager: Shutting down and abandoning module GammaUI (430)
[2020.07.19-09.50.06:010][260]LogModuleManager: Shutting down and abandoning module Documentation (428)
[2020.07.19-09.50.06:011][260]LogModuleManager: Shutting down and abandoning module MovieSceneTracks (426)
[2020.07.19-09.50.06:011][260]LogModuleManager: Shutting down and abandoning module MovieScene (424)
[2020.07.19-09.50.06:022][260]LogModuleManager: Shutting down and abandoning module StreamingPauseRendering (422)
[2020.07.19-09.50.06:030][260]LogModuleManager: Shutting down and abandoning module LauncherPlatform (420)
[2020.07.19-09.50.06:030][260]LogModuleManager: Shutting down and abandoning module AnalyticsET (418)
[2020.07.19-09.50.06:030][260]LogModuleManager: Shutting down and abandoning module PortalServices (416)
[2020.07.19-09.50.06:030][260]LogModuleManager: Shutting down and abandoning module PortalRpc (414)
[2020.07.19-09.50.06:030][260]LogModuleManager: Shutting down and abandoning module MessagingRpc (412)
[2020.07.19-09.50.06:030][260]LogModuleManager: Shutting down and abandoning module AIModule (410)
[2020.07.19-09.50.06:038][260]LogModuleManager: Shutting down and abandoning module GameplayDebugger (409)
[2020.07.19-09.50.06:038][260]LogModuleManager: Shutting down and abandoning module AITestSuite (407)
[2020.07.19-09.50.06:052][260]LogModuleManager: Shutting down and abandoning module NavigationSystem (405)
[2020.07.19-09.50.06:052][260]LogModuleManager: Shutting down and abandoning module DesktopPlatform (402)
[2020.07.19-09.50.06:052][260]LogModuleManager: Shutting down and abandoning module ProfilerService (400)
[2020.07.19-09.50.06:248][260]LogModuleManager: Shutting down and abandoning module TaskGraph (398)
[2020.07.19-09.50.06:278][260]LogModuleManager: Shutting down and abandoning module SteamVRController (396)
[2020.07.19-09.50.06:278][260]LogModuleManager: Shutting down and abandoning module ProceduralMeshComponentEditor (394)
[2020.07.19-09.50.06:278][260]LogModuleManager: Shutting down and abandoning module ProceduralMeshComponent (392)
[2020.07.19-09.50.06:296][260]LogModuleManager: Shutting down and abandoning module OculusInput (390)
[2020.07.19-09.50.06:296][260]LogModuleManager: Shutting down and abandoning module MobilePatchingUtils (388)
[2020.07.19-09.50.06:296][260]LogModuleManager: Shutting down and abandoning module EditableMesh (386)
[2020.07.19-09.50.06:317][260]LogModuleManager: Shutting down and abandoning module CustomMeshComponent (384)
[2020.07.19-09.50.06:317][260]LogModuleManager: Shutting down and abandoning module CableComponent (382)
[2020.07.19-09.50.06:317][260]LogModuleManager: Shutting down and abandoning module AudioCapture (380)
[2020.07.19-09.50.06:317][260]LogModuleManager: Shutting down and abandoning module ArchVisCharacter (378)
[2020.07.19-09.50.06:317][260]LogModuleManager: Shutting down and abandoning module AndroidPermission (376)
[2020.07.19-09.50.06:317][260]LogModuleManager: Shutting down and abandoning module NUTUnrealEngine4 (374)
[2020.07.19-09.50.06:317][260]LogModuleManager: Shutting down and abandoning module NetcodeUnitTest (372)
[2020.07.19-09.50.06:351][260]LogModuleManager: Shutting down and abandoning module MediaCompositingEditor (370)
[2020.07.19-09.50.06:352][260]LogModuleManager: Shutting down and abandoning module MediaCompositing (368)
[2020.07.19-09.50.06:352][260]LogModuleManager: Shutting down and abandoning module LinearTimecode (366)
[2020.07.19-09.50.06:352][260]LogModuleManager: Shutting down and abandoning module ImgMedia (364)
[2020.07.19-09.50.06:356][260]LogModuleManager: Shutting down and abandoning module HTML5Networking (362)
[2020.07.19-09.50.06:356][260]LogModuleManager: Shutting down and abandoning module GeometryCacheTracks (360)
[2020.07.19-09.50.06:357][260]LogModuleManager: Shutting down and abandoning module GeometryCacheSequencer (358)
[2020.07.19-09.50.06:357][260]LogModuleManager: Shutting down and abandoning module BackChannel (356)
[2020.07.19-09.50.06:384][260]LogModuleManager: Shutting down and abandoning module AppleVision (354)
[2020.07.19-09.50.06:384][260]LogModuleManager: Shutting down and abandoning module AppleImageUtils (352)
[2020.07.19-09.50.06:384][260]LogModuleManager: Shutting down and abandoning module AlembicImporter (350)
[2020.07.19-09.50.06:384][260]LogModuleManager: Shutting down and abandoning module AlembicLibrary (349)
[2020.07.19-09.50.06:384][260]LogModuleManager: Shutting down and abandoning module GeometryCache (348)
[2020.07.19-09.50.06:384][260]LogModuleManager: Shutting down and abandoning module GeometryCacheEd (347)
[2020.07.19-09.50.06:384][260]LogModuleManager: Shutting down and abandoning module DatasmithContentEditor (342)
[2020.07.19-09.50.06:410][260]LogModuleManager: Shutting down and abandoning module DatasmithContent (340)
[2020.07.19-09.50.06:434][260]LogModuleManager: Shutting down and abandoning module SpeedTreeImporter (338)
[2020.07.19-09.50.06:434][260]LogModuleManager: Shutting down and abandoning module PluginBrowser (336)
[2020.07.19-09.50.06:456][260]LogModuleManager: Shutting down and abandoning module MobileLauncherProfileWizard (334)
[2020.07.19-09.50.06:461][260]LogModuleManager: Shutting down and abandoning module PolygonModeling (332)
[2020.07.19-09.50.06:461][260]LogModuleManager: Shutting down and abandoning module MeshEditor (330)
[2020.07.19-09.50.06:461][260]LogModuleManager: Shutting down and abandoning module CryptoKeysOpenSSL (328)
[2020.07.19-09.50.06:476][260]LogModuleManager: Shutting down and abandoning module CryptoKeys (326)
[2020.07.19-09.50.06:476][260]LogModuleManager: Shutting down and abandoning module VisualStudioSourceCodeAccess (324)
[2020.07.19-09.50.06:476][260]LogModuleManager: Shutting down and abandoning module VisualStudioCodeSourceCodeAccess (322)
[2020.07.19-09.50.06:476][260]LogModuleManager: Shutting down and abandoning module UObjectPlugin (320)
[2020.07.19-09.50.06:476][260]LogModuleManager: Shutting down and abandoning module SubversionSourceControl (318)
[2020.07.19-09.50.06:477][260]LogModuleManager: Shutting down and abandoning module PerforceSourceControl (316)
[2020.07.19-09.50.06:479][260]LogModuleManager: Shutting down and abandoning module GitSourceControl (314)
[2020.07.19-09.50.06:513][260]LogModuleManager: Shutting down and abandoning module SourceControl (313)
[2020.07.19-09.50.06:519][260]LogModuleManager: Shutting down and abandoning module CLionSourceCodeAccess (310)
[2020.07.19-09.50.06:519][260]LogModuleManager: Shutting down and abandoning module LightPropagationVolumeEditor (308)
[2020.07.19-09.50.06:519][260]LogModuleManager: Shutting down and abandoning module PaperTiledImporter (306)
[2020.07.19-09.50.06:519][260]LogModuleManager: Shutting down and abandoning module PaperSpriteSheetImporter (304)
[2020.07.19-09.50.06:519][260]LogModuleManager: Shutting down and abandoning module Paper2DEditor (302)
[2020.07.19-09.50.06:546][260]LogModuleManager: Shutting down and abandoning module MeshPaint (301)
[2020.07.19-09.50.06:572][260]LogModuleManager: Shutting down and abandoning module RuntimePhysXCooking (298)
[2020.07.19-09.50.06:572][260]LogModuleManager: Shutting down and abandoning module PhysXVehiclesEditor (296)
[2020.07.19-09.50.06:572][260]LogModuleManager: Shutting down and abandoning module PhysXVehicles (294)
[2020.07.19-09.50.06:572][260]LogModuleManager: Shutting down and abandoning module OculusEditor (292)
[2020.07.19-09.50.06:589][260]LogModuleManager: Shutting down and abandoning module LocationServicesBPLibrary (290)
[2020.07.19-09.50.06:589][260]LogModuleManager: Shutting down and abandoning module ImmediatePhysicsEditor (288)
[2020.07.19-09.50.06:589][260]LogModuleManager: Shutting down and abandoning module ImmediatePhysics (286)
[2020.07.19-09.50.06:603][260]LogModuleManager: Shutting down and abandoning module ActorSequence (284)
[2020.07.19-09.50.06:603][260]LogModuleManager: Shutting down and abandoning module UdpMessaging (282)
[2020.07.19-09.50.06:705][260]LogModuleManager: Shutting down and abandoning module TcpMessaging (280)
[2020.07.19-09.50.06:831][260]LogModuleManager: Shutting down and abandoning module MagicLeapAudio (278)
[2020.07.19-09.50.06:831][260]LogModuleManager: Shutting down and abandoning module GameplayTagsEditor (276)
[2020.07.19-09.50.06:852][260]LogModuleManager: Shutting down and abandoning module FacialAnimationEditor (274)
[2020.07.19-09.50.06:852][260]LogModuleManager: Shutting down and abandoning module FacialAnimation (272)
[2020.07.19-09.50.06:852][260]LogModuleManager: Shutting down and abandoning module DataValidation (270)
[2020.07.19-09.50.06:852][260]LogModuleManager: Shutting down and abandoning module AssetManagerEditor (268)
[2020.07.19-09.50.06:881][260]LogModuleManager: Shutting down and abandoning module LevelEditor (267)
[2020.07.19-09.50.06:910][260]LogModuleManager: Shutting down and abandoning module PixelInspectorModule (266)
[2020.07.19-09.50.06:920][260]LogModuleManager: Shutting down and abandoning module CommonMenuExtensions (264)
[2020.07.19-09.50.06:920][260]LogModuleManager: Shutting down and abandoning module MainFrame (262)
[2020.07.19-09.50.06:934][260]LogModuleManager: Shutting down and abandoning module HotReload (261)
[2020.07.19-09.50.06:979][260]LogModuleManager: Shutting down and abandoning module ContentBrowser (257)
[2020.07.19-09.50.06:981][260]LogModuleManager: Shutting down and abandoning module TreeMap (255)
[2020.07.19-09.50.06:989][260]LogModuleManager: Shutting down and abandoning module LightPropagationVolumeRuntime (252)
[2020.07.19-09.50.06:989][260]LogModuleManager: Shutting down and abandoning module AISupportModule (250)
[2020.07.19-09.50.06:989][260]LogModuleManager: Shutting down and abandoning module Paper2D (248)
[2020.07.19-09.50.06:989][260]LogModuleManager: Shutting down and abandoning module WindowsMoviePlayer (246)
[2020.07.19-09.50.07:008][260]LogModuleManager: Shutting down and abandoning module WmfMedia (244)
[2020.07.19-09.50.07:037][260]LogModuleManager: Shutting down and abandoning module Media (243)
[2020.07.19-09.50.07:043][260]LogModuleManager: Shutting down and abandoning module PacketHandler (240)
[2020.07.19-09.50.07:043][260]LogModuleManager: Shutting down and abandoning module ClothingSystemEditor (238)
[2020.07.19-09.50.07:043][260]LogModuleManager: Shutting down and abandoning module ClothingSystemRuntime (236)
[2020.07.19-09.50.07:068][260]LogModuleManager: Shutting down and abandoning module MediaAssets (234)
[2020.07.19-09.50.07:068][260]LogModuleManager: Shutting down and abandoning module Overlay (232)
[2020.07.19-09.50.07:068][260]LogModuleManager: Shutting down and abandoning module OverlayEditor (231)
[2020.07.19-09.50.07:068][260]LogModuleManager: Shutting down and abandoning module VREditor (228)
[2020.07.19-09.50.07:079][260]LogModuleManager: Shutting down and abandoning module StringTableEditor (226)
[2020.07.19-09.50.07:108][260]LogModuleManager: Shutting down and abandoning module GameplayTasksEditor (224)
[2020.07.19-09.50.07:108][260]LogModuleManager: Shutting down and abandoning module BehaviorTreeEditor (222)
[2020.07.19-09.50.07:154][260]LogModuleManager: Shutting down and abandoning module FunctionalTesting (220)
[2020.07.19-09.50.07:179][260]LogModuleManager: Shutting down and abandoning module CollisionAnalyzer (218)
[2020.07.19-09.50.07:214][260]LogModuleManager: Shutting down and abandoning module WorkspaceMenuStructure (217)
[2020.07.19-09.50.07:214][260]LogModuleManager: Shutting down and abandoning module UMG (214)
[2020.07.19-09.50.07:214][260]LogModuleManager: Shutting down and abandoning module UMGEditor (213)
[2020.07.19-09.50.07:237][260]LogModuleManager: Shutting down and abandoning module Sequencer (212)
[2020.07.19-09.50.07:274][260]LogModuleManager: Shutting down and abandoning module MessageLog (209)
[2020.07.19-09.50.07:274][260]LogModuleManager: Shutting down and abandoning module SlateReflector (204)
[2020.07.19-09.50.07:313][260]LogModuleManager: Shutting down and abandoning module Slate (202)
[2020.07.19-09.50.07:313][260]LogModuleManager: Shutting down and abandoning module EditorStyle (200)
[2020.07.19-09.50.07:330][260]LogModuleManager: Shutting down and abandoning module MRMesh (198)
[2020.07.19-09.50.07:330][260]LogModuleManager: Shutting down and abandoning module SourceCodeAccess (196)
[2020.07.19-09.50.07:330][260]LogModuleManager: Shutting down and abandoning module HeadMountedDisplay (194)
[2020.07.19-09.50.07:330][260]LogModuleManager: Shutting down and abandoning module XAudio2 (192)
[2020.07.19-09.50.07:330][260]LogModuleManager: Shutting down and abandoning module Networking (190)
[2020.07.19-09.50.07:330][260]LogModuleManager: Shutting down and abandoning module Core (188)
[2020.07.19-09.50.07:330][260]LogModuleManager: Shutting down and abandoning module LevelSequence (186)
[2020.07.19-09.50.07:330][260]LogModuleManager: Shutting down and abandoning module KismetCompiler (184)
[2020.07.19-09.50.07:330][260]LogModuleManager: Shutting down and abandoning module MeshUtilities (182)
[2020.07.19-09.50.07:331][260]LogModuleManager: Shutting down and abandoning module MeshMergeUtilities (181)
[2020.07.19-09.50.07:349][260]LogModuleManager: Shutting down and abandoning module MeshReductionInterface (180)
[2020.07.19-09.50.07:349][260]LogModuleManager: Shutting down and abandoning module SimplygonSwarm (179)
[2020.07.19-09.50.07:361][260]LogModuleManager: Shutting down and abandoning module ProxyLODMeshReduction (177)
[2020.07.19-09.50.07:387][260]LogModuleManager: Shutting down and abandoning module SimplygonMeshReduction (175)
[2020.07.19-09.50.07:387][260]LogModuleManager: Shutting down and abandoning module QuadricMeshReduction (173)
[2020.07.19-09.50.07:407][260]LogModuleManager: Shutting down and abandoning module MaterialBaking (169)
[2020.07.19-09.50.07:417][260]LogModuleManager: Shutting down and abandoning module DirectoryWatcher (165)
[2020.07.19-09.50.07:418][260]LogModuleManager: Shutting down and abandoning module DerivedDataCache (162)
[2020.07.19-09.50.07:478][260]LogDerivedDataCache: Shutdown
[2020.07.19-09.50.07:478][260]LogModuleManager: Shutting down and abandoning module XGEController (160)
[2020.07.19-09.50.07:492][260]LogModuleManager: Shutting down and abandoning module TargetPlatform (158)
[2020.07.19-09.50.07:492][260]LogModuleManager: Shutting down and abandoning module VulkanShaderFormat (157)
[2020.07.19-09.50.07:498][260]LogModuleManager: Shutting down and abandoning module ShaderFormatVectorVM (155)
[2020.07.19-09.50.07:506][260]LogModuleManager: Shutting down and abandoning module ShaderFormatOpenGL (153)
[2020.07.19-09.50.07:520][260]LogModuleManager: Shutting down and abandoning module ShaderFormatD3D (151)
[2020.07.19-09.50.07:520][260]LogModuleManager: Shutting down and abandoning module MetalShaderFormat (149)
[2020.07.19-09.50.07:553][260]LogModuleManager: Shutting down and abandoning module TextureFormatUncompressed (147)
[2020.07.19-09.50.07:553][260]LogModuleManager: Shutting down and abandoning module TextureFormatPVR (145)
[2020.07.19-09.50.07:553][260]LogModuleManager: Shutting down and abandoning module TextureFormatDXT (143)
[2020.07.19-09.50.07:573][260]LogModuleManager: Shutting down and abandoning module TextureFormatIntelISPCTexComp (141)
[2020.07.19-09.50.07:574][260]LogModuleManager: Shutting down and abandoning module TextureFormatASTC (139)
[2020.07.19-09.50.07:574][260]LogModuleManager: Shutting down and abandoning module ImageWrapper (138)
[2020.07.19-09.50.07:574][260]LogModuleManager: Shutting down and abandoning module TextureFormatAndroid (135)
[2020.07.19-09.50.07:574][260]LogModuleManager: Shutting down and abandoning module AudioFormatOpus (133)
[2020.07.19-09.50.07:574][260]LogModuleManager: Shutting down and abandoning module AudioFormatOgg (131)
[2020.07.19-09.50.07:574][260]LogModuleManager: Shutting down and abandoning module AudioFormatADPCM (129)
[2020.07.19-09.50.07:574][260]LogModuleManager: Shutting down and abandoning module LuminTargetPlatform (127)
[2020.07.19-09.50.07:574][260]LogModuleManager: Shutting down and abandoning module LinuxTargetPlatform (125)
[2020.07.19-09.50.07:574][260]LogModuleManager: Shutting down and abandoning module LinuxServerTargetPlatform (123)
[2020.07.19-09.50.07:574][260]LogModuleManager: Shutting down and abandoning module LinuxNoEditorTargetPlatform (121)
[2020.07.19-09.50.07:584][260]LogModuleManager: Shutting down and abandoning module LinuxClientTargetPlatform (119)
[2020.07.19-09.50.07:587][260]LogModuleManager: Shutting down and abandoning module TVOSTargetPlatform (117)
[2020.07.19-09.50.07:590][260]LogModuleManager: Shutting down and abandoning module Messaging (115)
[2020.07.19-09.50.07:590][260]LogModuleManager: Shutting down and abandoning module IOSTargetPlatform (113)
[2020.07.19-09.50.07:594][260]LogModuleManager: Shutting down and abandoning module HTML5TargetPlatform (111)
[2020.07.19-09.50.07:594][260]LogModuleManager: Shutting down and abandoning module AndroidTargetPlatform (109)
[2020.07.19-09.50.07:630][260]LogModuleManager: Shutting down and abandoning module WindowsTargetPlatform (107)
[2020.07.19-09.50.07:630][260]LogModuleManager: Shutting down and abandoning module WindowsServerTargetPlatform (105)
[2020.07.19-09.50.07:630][260]LogModuleManager: Shutting down and abandoning module WindowsNoEditorTargetPlatform (103)
[2020.07.19-09.50.07:630][260]LogModuleManager: Shutting down and abandoning module WindowsClientTargetPlatform (101)
[2020.07.19-09.50.07:631][260]LogModuleManager: Shutting down and abandoning module MacTargetPlatform (99)
[2020.07.19-09.50.07:631][260]LogModuleManager: Shutting down and abandoning module MacServerTargetPlatform (97)
[2020.07.19-09.50.07:631][260]LogModuleManager: Shutting down and abandoning module MacNoEditorTargetPlatform (95)
[2020.07.19-09.50.07:631][260]LogModuleManager: Shutting down and abandoning module MacClientTargetPlatform (93)
[2020.07.19-09.50.07:631][260]LogModuleManager: Shutting down and abandoning module AllDesktopTargetPlatform (91)
[2020.07.19-09.50.07:631][260]LogModuleManager: Shutting down and abandoning module InputCore (88)
[2020.07.19-09.50.07:631][260]LogModuleManager: Shutting down and abandoning module Settings (86)
[2020.07.19-09.50.07:631][260]LogModuleManager: Shutting down and abandoning module PhysXCooking (84)
[2020.07.19-09.50.07:631][260]LogModuleManager: Shutting down and abandoning module SteamVR (82)
[2020.07.19-09.50.07:631][260]LogModuleManager: Shutting down and abandoning module OculusHMD (80)
[2020.07.19-09.50.07:631][260]LogModuleManager: Shutting down and abandoning module ExampleDeviceProfileSelector (78)
[2020.07.19-09.50.07:631][260]LogModuleManager: Shutting down and abandoning module LauncherChunkInstaller (76)
[2020.07.19-09.50.07:631][260]LogModuleManager: Shutting down and abandoning module OnlineBlueprintSupport (74)
[2020.07.19-09.50.07:631][260]LogModuleManager: Shutting down and abandoning module OnlineSubsystem (70)
[2020.07.19-09.50.07:654][260]LogModuleManager: Shutting down and abandoning module XMPP (65)
[2020.07.19-09.50.07:686][260]LogModuleManager: Shutting down and abandoning module WebSockets (64)
[2020.07.19-09.50.07:754][260]LogModuleManager: Shutting down and abandoning module HTTP (61)
[2020.07.19-09.50.07:774][260]LogHttp: Display: Http module shutting down, but needs to wait on 1 outstanding Http requests:
[2020.07.19-09.50.07:774][260]LogHttp: Display: 	verb=[POST] url=[https://datarouter.ol.epicgames.com/datarouter/api/v1/public/data?SessionID=%7BACAA72A6-420F-8328-FD81-E9B441A47AD5%7D&AppID=UEEditor.Rocket.Release&AppVersion=4.20.3-4369336%2B%2B%2BUE4%2BRelease-4.20&UserID=a6de50d04905b8bc747aa8b06333e45a%7C87ef0742539046bbb05dc7a8b44c5f16%7Ce8d6011c-db8c-4815-a510-e903831306f9&AppEnvironment=datacollector-binary&UploadType=eteventstream] status=Processing
[2020.07.19-09.50.07:791][260]LogModuleManager: Shutting down and abandoning module SSL (60)
[2020.07.19-09.50.07:823][260]LogModuleManager: Shutting down and abandoning module MagicLeapEmulator (56)
[2020.07.19-09.50.07:823][260]LogModuleManager: Shutting down and abandoning module MagicLeapPrivileges (54)
[2020.07.19-09.50.07:823][260]LogModuleManager: Shutting down and abandoning module MagicLeapIdentity (52)
[2020.07.19-09.50.07:824][260]LogModuleManager: Shutting down and abandoning module MagicLeapHelperVulkan (50)
[2020.07.19-09.50.07:824][260]LogModuleManager: Shutting down and abandoning module MagicLeapHelperOpenGL (48)
[2020.07.19-09.50.07:824][260]LogModuleManager: Shutting down and abandoning module MagicLeapSecureStorage (46)
[2020.07.19-09.50.07:824][260]LogModuleManager: Shutting down and abandoning module MagicLeapGestures (44)
[2020.07.19-09.50.07:824][260]LogModuleManager: Shutting down and abandoning module MagicLeapEyeTracker (42)
[2020.07.19-09.50.07:824][260]LogModuleManager: Shutting down and abandoning module MagicLeapController (40)
[2020.07.19-09.50.07:824][260]LogSlate: Slate User Destroyed.  User Index 0, Is Virtual User: 0
[2020.07.19-09.50.07:824][260]LogModuleManager: Shutting down and abandoning module MagicLeap (38)
[2020.07.19-09.50.07:824][260]LogModuleManager: Shutting down and abandoning module AnimationModifiers (36)
[2020.07.19-09.50.07:863][260]LogModuleManager: Shutting down and abandoning module PropertyEditor (35)
[2020.07.19-09.50.07:863][260]LogModuleManager: Shutting down and abandoning module AudioEditor (32)
[2020.07.19-09.50.07:884][260]LogModuleManager: Shutting down and abandoning module TextureCompressor (30)
[2020.07.19-09.50.07:901][260]LogModuleManager: Shutting down and abandoning module ShaderCore (28)
[2020.07.19-09.50.07:901][260]LogModuleManager: Shutting down and abandoning module Landscape (26)
[2020.07.19-09.50.07:901][260]LogModuleManager: Shutting down and abandoning module SlateRHIRenderer (24)
[2020.07.19-09.50.07:903][260]LogModuleManager: Shutting down and abandoning module OpenGLDrv (22)
[2020.07.19-09.50.07:913][260]LogModuleManager: Shutting down and abandoning module D3D11RHI (20)
[2020.07.19-09.50.07:913][260]LogModuleManager: Shutting down and abandoning module AnimGraphRuntime (18)
[2020.07.19-09.50.07:918][260]LogModuleManager: Shutting down and abandoning module Renderer (16)
[2020.07.19-09.50.07:918][260]LogModuleManager: Shutting down and abandoning module Engine (14)
[2020.07.19-09.50.07:918][260]LogModuleManager: Shutting down and abandoning module CoreUObject (12)
[2020.07.19-09.50.07:918][260]LogModuleManager: Shutting down and abandoning module NetworkFile (10)
[2020.07.19-09.50.07:924][260]LogModuleManager: Shutting down and abandoning module CookedIterativeFile (8)
[2020.07.19-09.50.07:924][260]LogModuleManager: Shutting down and abandoning module StreamingFile (6)
[2020.07.19-09.50.07:925][260]LogModuleManager: Shutting down and abandoning module SandboxFile (4)
[2020.07.19-09.50.07:926][260]LogModuleManager: Shutting down and abandoning module PakFile (2)
[2020.07.19-09.50.07:955][260]LogExit: Exiting.
[2020.07.19-09.50.07:974][260]Log file closed, 07/19/20 15:35:07
